2015-04-14 16:02:18.146+0000 INFO  [org.neo4j]: No locking implementation specified, defaulting to 'community'
2015-04-14 16:02:18.242+0000 INFO  [org.neo4j]: --- INITIALIZED diagnostics START ---
2015-04-14 16:02:18.243+0000 INFO  [org.neo4j]: Neo4j Kernel properties:
    neostore.propertystore.db.mapped_memory=663M
    neostore.nodestore.db.mapped_memory=184M
    neostore.relationshipstore.db.mapped_memory=812M
    neostore.propertystore.db.strings.mapped_memory=563M
    store_dir=neo4j-friend5.0-db
    neostore.propertystore.db.arrays.mapped_memory=639M
    ephemeral=false
2015-04-14 16:02:18.245+0000 INFO  [org.neo4j]: Diagnostics providers:
    org.neo4j.kernel.configuration.Config
    org.neo4j.kernel.info.DiagnosticsManager
    SYSTEM_MEMORY
    JAVA_MEMORY
    OPERATING_SYSTEM
    JAVA_VIRTUAL_MACHINE
    CLASSPATH
    LIBRARY_PATH
    SYSTEM_PROPERTIES
    NETWORK
2015-04-14 16:02:18.246+0000 INFO  [org.neo4j]: System memory information:
    Total Physical memory: 8.00 GB
    Free Physical memory: 986.97 MB
    Committed virtual memory: 4.64 GB
    Total swap space: 1.00 GB
    Free swap space: 980.75 MB
2015-04-14 16:02:18.248+0000 INFO  [org.neo4j]: JVM memory information:
    Free  memory: 112.33 MB
    Total memory: 123.00 MB
    Max   memory: 1.78 GB
    Garbage Collector: PS Scavenge: [PS Eden Space, PS Survivor Space]
    Garbage Collector: PS MarkSweep: [PS Eden Space, PS Survivor Space, PS Old Gen, PS Perm Gen]
    Memory Pool: Code Cache (Non-heap memory): committed=2.44 MB, used=725.13 kB, max=48.00 MB, threshold=0.00 B
    Memory Pool: PS Eden Space (Heap memory): committed=33.00 MB, used=4.55 MB, max=673.00 MB, threshold=?
    Memory Pool: PS Survivor Space (Heap memory): committed=5.00 MB, used=5.00 MB, max=5.00 MB, threshold=?
    Memory Pool: PS Old Gen (Heap memory): committed=85.00 MB, used=1.12 MB, max=1.33 GB, threshold=0.00 B
    Memory Pool: PS Perm Gen (Non-heap memory): committed=21.00 MB, used=10.09 MB, max=82.00 MB, threshold=0.00 B
2015-04-14 16:02:18.253+0000 INFO  [org.neo4j]: Operating system information:
    Operating System: Mac OS X; version: 10.10.3; arch: x86_64; cpus: 4
    Max number of file descriptors: 10240
    Number of open file descriptors: 73
    Process id: 7903@dhcp-128-146-165-97.osuwireless.ohio-state.edu
    Byte order: LITTLE_ENDIAN
    Local timezone: America/New_York
2015-04-14 16:02:18.255+0000 INFO  [org.neo4j]: JVM information:
    VM Name: Java HotSpot(TM) 64-Bit Server VM
    VM Vendor: Oracle Corporation
    VM Version: 24.45-b08
    JIT compiler: HotSpot 64-Bit Tiered Compilers
    VM Arguments: [-Didea.launcher.port=7533, -Didea.launcher.bin.path=/Applications/IntelliJ IDEA 13 CE.app/bin, -Dfile.encoding=UTF-8]
2015-04-14 16:02:18.256+0000 INFO  [org.neo4j]: Java classpath:
     [classpath + loader.0] file:/Users/Vincent/.m2/repository/org/neo4j/neo4j-udc/2.1.6/neo4j-udc-2.1.6.jar
     [loader.0] file:/Applications/IntelliJ%20IDEA%2013%20CE.app/lib/idea_rt.jar
     [bootstrap + classpath + loader.0] file:/Library/Java/JavaVirtualMachines/jdk1.7.0_45.jdk/Contents/Home/jre/lib/charsets.jar
     [loader.1] file:/System/Library/Java/Extensions/dns_sd.jar
     [loader.1] file:/System/Library/Java/Extensions/MRJToolkit.jar
     [classpath + loader.0] file:/Library/Java/JavaVirtualMachines/jdk1.7.0_45.jdk/Contents/Home/lib/javafx-mx.jar
     [loader.1] file:/System/Library/Java/Extensions/vecmath.jar
     [loader.1] file:/System/Library/Java/Extensions/libmlib_jai.jnilib
     [classpath + loader.0] file:/Users/Vincent/.m2/repository/org/neo4j/neo4j-graph-algo/2.1.6/neo4j-graph-algo-2.1.6.jar
     [classpath] /Applications/IntelliJ IDEA 13 CE.app/lib/idea_rt.jar
     [loader.1] file:/Library/Java/JavaVirtualMachines/jdk1.7.0_45.jdk/Contents/Home/jre/lib/ext/localedata.jar
     [loader.1] file:/Library/Java/JavaVirtualMachines/jdk1.7.0_45.jdk/Contents/Home/jre/lib/ext/sunpkcs11.jar
     [classpath + loader.0] file:/Users/Vincent/.m2/repository/org/parboiled/parboiled-core/1.1.6/parboiled-core-1.1.6.jar
     [bootstrap] /Library/Java/JavaVirtualMachines/jdk1.7.0_45.jdk/Contents/Home/jre/classes
     [classpath + loader.0] file:/Users/Vincent/.m2/repository/org/neo4j/neo4j-cypher-compiler-1.9/2.0.3/neo4j-cypher-compiler-1.9-2.0.3.jar
     [loader.1] file:/System/Library/Java/Extensions/libJ3D.jnilib
     [classpath + loader.0] file:/Users/Vincent/.m2/repository/org/parboiled/parboiled-scala_2.10/1.1.6/parboiled-scala_2.10-1.1.6.jar
     [loader.1] file:/System/Library/Java/Extensions/mlibwrapper_jai.jar
     [classpath + loader.0] file:/Library/Java/JavaVirtualMachines/jdk1.7.0_45.jdk/Contents/Home/jre/lib/htmlconverter.jar
     [classpath + loader.0] file:/Users/Vincent/.m2/repository/com/googlecode/concurrentlinkedhashmap/concurrentlinkedhashmap-lru/1.3.1/concurrentlinkedhashmap-lru-1.3.1.jar
     [classpath + loader.0] file:/Users/Vincent/.m2/repository/org/neo4j/neo4j-cypher/2.1.6/neo4j-cypher-2.1.6.jar
     [bootstrap + classpath + loader.0] file:/Library/Java/JavaVirtualMachines/jdk1.7.0_45.jdk/Contents/Home/jre/lib/JObjC.jar
     [classpath + loader.0] file:/Library/Java/JavaVirtualMachines/jdk1.7.0_45.jdk/Contents/Home/lib/javafx-doclet.jar
     [loader.1] file:/System/Library/Java/Extensions/libJ3DAudio.jnilib
     [loader.1] file:/System/Library/Java/Extensions/libAppleScriptEngine.jnilib
     [classpath + loader.0] file:/Users/Vincent/.m2/repository/org/neo4j/neo4j-primitive-collections/2.1.6/neo4j-primitive-collections-2.1.6.jar
     [classpath + loader.0] file:/Library/Java/JavaVirtualMachines/jdk1.7.0_45.jdk/Contents/Home/jre/lib/javaws.jar
     [classpath + loader.0] file:/Library/Java/JavaVirtualMachines/jdk1.7.0_45.jdk/Contents/Home/lib/sa-jdi.jar
     [loader.1] file:/System/Library/Java/Extensions/j3daudio.jar
     [classpath + loader.0] file:/Users/Vincent/.m2/repository/org/neo4j/neo4j-cypher-compiler-2.1/2.1.6/neo4j-cypher-compiler-2.1-2.1.6.jar
     [classpath + loader.0] file:/Library/Java/JavaVirtualMachines/jdk1.7.0_45.jdk/Contents/Home/lib/ant-javafx.jar
     [loader.1] file:/System/Library/Java/Extensions/libJ3DUtils.jnilib
     [loader.1] file:/System/Library/Java/Extensions/j3dcore.jar
     [loader.1] file:/usr/lib/java/libjdns_sd.jnilib
     [classpath + loader.0] file:/Users/Vincent/.m2/repository/commons-codec/commons-codec/1.9/commons-codec-1.9.jar
     [classpath + loader.0] file:/Users/Vincent/.m2/repository/org/neo4j/neo4j-cypher-commons/2.1.6/neo4j-cypher-commons-2.1.6.jar
     [classpath + loader.0] file:/Library/Java/JavaVirtualMachines/jdk1.7.0_45.jdk/Contents/Home/lib/tools.jar
     [classpath + loader.0] file:/Users/Vincent/.m2/repository/net/sf/opencsv/opencsv/2.3/opencsv-2.3.jar
     [loader.1] file:/Library/Java/JavaVirtualMachines/jdk1.7.0_45.jdk/Contents/Home/jre/lib/ext/zipfs.jar
     [loader.1] file:/System/Library/Java/Extensions/j3dutils.jar
     [classpath + loader.0] file:/Users/Vincent/.m2/repository/org/apache/geronimo/specs/geronimo-jta_1.1_spec/1.1.1/geronimo-jta_1.1_spec-1.1.1.jar
     [loader.1] file:/System/Library/Java/Extensions/jai_core.jar
     [loader.1] file:/Library/Java/JavaVirtualMachines/jdk1.7.0_45.jdk/Contents/Home/jre/lib/ext/dnsns.jar
     [loader.1] file:/System/Library/Java/Extensions/jai_codec.jar
     [bootstrap + classpath + loader.0] file:/Library/Java/JavaVirtualMachines/jdk1.7.0_45.jdk/Contents/Home/jre/lib/jsse.jar
     [bootstrap + classpath + loader.0] file:/Library/Java/JavaVirtualMachines/jdk1.7.0_45.jdk/Contents/Home/jre/lib/resources.jar
     [classpath + loader.0] file:/Library/Java/JavaVirtualMachines/jdk1.7.0_45.jdk/Contents/Home/lib/jconsole.jar
     [classpath + loader.0] file:/Users/Vincent/.m2/repository/org/neo4j/neo4j-lucene-index/2.1.6/neo4j-lucene-index-2.1.6.jar
     [classpath + loader.0] file:/Users/Vincent/.m2/repository/org/neo4j/neo4j-graph-matching/2.1.6/neo4j-graph-matching-2.1.6.jar
     [classpath + loader.0] file:/Users/Vincent/.m2/repository/org/neo4j/neo4j-cypher-compiler-2.0/2.0.3/neo4j-cypher-compiler-2.0-2.0.3.jar
     [bootstrap] /Library/Java/JavaVirtualMachines/jdk1.7.0_45.jdk/Contents/Home/jre/lib/sunrsasign.jar
     [classpath + loader.0] file:/Users/Vincent/.m2/repository/org/neo4j/neo4j-jmx/2.1.6/neo4j-jmx-2.1.6.jar
     [bootstrap + classpath + loader.0] file:/Library/Java/JavaVirtualMachines/jdk1.7.0_45.jdk/Contents/Home/jre/lib/jfr.jar
     [classpath + loader.0] file:/Users/Vincent/.m2/repository/org/json/json/20140107/json-20140107.jar
     [bootstrap + classpath + loader.0] file:/Library/Java/JavaVirtualMachines/jdk1.7.0_45.jdk/Contents/Home/jre/lib/rt.jar
     [classpath + loader.0] file:/Users/Vincent/.m2/repository/org/apache/lucene/lucene-core/3.6.2/lucene-core-3.6.2.jar
     [loader.1] file:/Library/Java/JavaVirtualMachines/jdk1.7.0_45.jdk/Contents/Home/jre/lib/ext/sunec.jar
     [classpath + loader.0] file:/Library/Java/JavaVirtualMachines/jdk1.7.0_45.jdk/Contents/Home/jre/lib/plugin.jar
     [classpath + loader.0] file:/Library/Java/JavaVirtualMachines/jdk1.7.0_45.jdk/Contents/Home/jre/lib/jfxrt.jar
     [classpath + loader.0] file:/Users/Vincent/Desktop/weiboAnalysis/SinaMaven/target/classes/
     [classpath + loader.0] file:/Library/Java/JavaVirtualMachines/jdk1.7.0_45.jdk/Contents/Home/jre/lib/deploy.jar
     [classpath + loader.0] file:/Library/Java/JavaVirtualMachines/jdk1.7.0_45.jdk/Contents/Home/jre/lib/management-agent.jar
     [bootstrap + classpath + loader.0] file:/Library/Java/JavaVirtualMachines/jdk1.7.0_45.jdk/Contents/Home/jre/lib/jce.jar
     [loader.1] file:/Library/Java/JavaVirtualMachines/jdk1.7.0_45.jdk/Contents/Home/jre/lib/ext/sunjce_provider.jar
     [loader.1] file:/System/Library/Java/Extensions/AppleScriptEngine.jar
     [classpath + loader.0] file:/Users/Vincent/.m2/repository/org/scala-lang/scala-library/2.10.4/scala-library-2.10.4.jar
     [classpath + loader.0] file:/Users/Vincent/.m2/repository/org/neo4j/neo4j-kernel/2.1.6/neo4j-kernel-2.1.6.jar
     [classpath + loader.0] file:/Users/Vincent/.m2/repository/org/neo4j/neo4j/2.1.6/neo4j-2.1.6.jar
     [classpath + loader.0] file:/Library/Java/JavaVirtualMachines/jdk1.7.0_45.jdk/Contents/Home/lib/dt.jar
     [classpath + loader.0] file:/Users/Vincent/.m2/repository/org/jsoup/jsoup/1.7.2/jsoup-1.7.2.jar
2015-04-14 16:02:18.259+0000 INFO  [org.neo4j]: Library path:
    /Users/Vincent/Library/Java/Extensions
    /Library/Java/Extensions
    /Network/Library/Java/Extensions
    /System/Library/Java/Extensions
    /usr/lib/java
    /Users/Vincent/Desktop/weiboAnalysis/SinaMaven
2015-04-14 16:02:18.259+0000 INFO  [org.neo4j]: System.properties:
    sun.boot.library.path = /Library/Java/JavaVirtualMachines/jdk1.7.0_45.jdk/Contents/Home/jre/lib
    gopherProxySet = false
    path.separator = :
    idea.launcher.port = 7533
    file.encoding.pkg = sun.io
    user.country = CN
    sun.java.launcher = SUN_STANDARD
    sun.os.patch.level = unknown
    user.dir = /Users/Vincent/Desktop/weiboAnalysis/SinaMaven
    sun.jnu.encoding = UTF-8
    sun.management.compiler = HotSpot 64-Bit Tiered Compilers
    user.home = /Users/Vincent
    user.timezone = America/New_York
    file.encoding = UTF-8
    idea.launcher.bin.path = /Applications/IntelliJ IDEA 13 CE.app/bin
    user.name = Vincent
    sun.java.command = com.intellij.rt.execution.application.AppMain edu.ece.osu.FindFriends
    sun.arch.data.model = 64
    user.language = zh
    awt.toolkit = sun.lwawt.macosx.LWCToolkit
    file.separator = /
    sun.io.unicode.encoding = UnicodeBig
    sun.cpu.endian = little
    sun.cpu.isalist = 
2015-04-14 16:02:18.260+0000 INFO  [org.neo4j]: Network information:
    Interface awdl0:
        address: fe80:0:0:0:9c52:ccff:fe76:4020%9
    Interface en0:
        address: fe80:0:0:0:bae8:56ff:fe47:5ad4%4
        address: 128.146.165.97
    Interface lo0:
        address: fe80:0:0:0:0:0:0:1%1
        address: 0:0:0:0:0:0:0:1
        address: 127.0.0.1
2015-04-14 16:02:18.261+0000 INFO  [org.neo4j]: --- INITIALIZED diagnostics END ---
2015-04-14 16:02:18.394+0000 INFO  [org.neo4j]: Creating new db @ neo4j-friend5.0-db/neostore
2015-04-14 16:02:18.428+0000 INFO  [org.neo4j]: [neo4j-friend5.0-db/neostore.relationshiptypestore.db.names] brickCount=0 brickSize=0b mappedMem=0b (storeSize=38b)
2015-04-14 16:02:18.429+0000 INFO  [org.neo4j]: [neo4j-friend5.0-db/neostore.relationshiptypestore.db] brickCount=0 brickSize=0b mappedMem=0b (storeSize=0b)
2015-04-14 16:02:18.429+0000 INFO  [org.neo4j]: neo4j-friend5.0-db/neostore.relationshiptypestore.db.names hit=0 miss=0 switches=0 ooe=0
2015-04-14 16:02:18.431+0000 INFO  [org.neo4j]: neo4j-friend5.0-db/neostore.relationshiptypestore.db hit=0 miss=0 switches=0 ooe=0
2015-04-14 16:02:18.434+0000 INFO  [org.neo4j]: [neo4j-friend5.0-db/neostore.labeltokenstore.db.names] brickCount=0 brickSize=0b mappedMem=0b (storeSize=38b)
2015-04-14 16:02:18.435+0000 INFO  [org.neo4j]: [neo4j-friend5.0-db/neostore.labeltokenstore.db] brickCount=0 brickSize=0b mappedMem=0b (storeSize=0b)
2015-04-14 16:02:18.435+0000 INFO  [org.neo4j]: neo4j-friend5.0-db/neostore.labeltokenstore.db.names hit=0 miss=0 switches=0 ooe=0
2015-04-14 16:02:18.436+0000 INFO  [org.neo4j]: neo4j-friend5.0-db/neostore.labeltokenstore.db hit=0 miss=0 switches=0 ooe=0
2015-04-14 16:02:18.441+0000 INFO  [org.neo4j]: [neo4j-friend5.0-db/neostore.relationshiptypestore.db.names] brickCount=0 brickSize=0b mappedMem=0b (storeSize=38b)
2015-04-14 16:02:18.441+0000 INFO  [org.neo4j]: [neo4j-friend5.0-db/neostore.relationshiptypestore.db] brickCount=0 brickSize=0b mappedMem=0b (storeSize=0b)
2015-04-14 16:02:18.442+0000 INFO  [org.neo4j]: [neo4j-friend5.0-db/neostore.labeltokenstore.db.names] brickCount=0 brickSize=0b mappedMem=0b (storeSize=38b)
2015-04-14 16:02:18.442+0000 INFO  [org.neo4j]: [neo4j-friend5.0-db/neostore.labeltokenstore.db] brickCount=0 brickSize=0b mappedMem=0b (storeSize=0b)
2015-04-14 16:02:18.443+0000 INFO  [org.neo4j]: [neo4j-friend5.0-db/neostore.propertystore.db.strings] brickCount=0 brickSize=590336b mappedMem=590348288b (storeSize=128b)
2015-04-14 16:02:18.443+0000 INFO  [org.neo4j]: [neo4j-friend5.0-db/neostore.propertystore.db.index.keys] brickCount=0 brickSize=0b mappedMem=0b (storeSize=38b)
2015-04-14 16:02:18.443+0000 INFO  [org.neo4j]: [neo4j-friend5.0-db/neostore.propertystore.db.index] brickCount=0 brickSize=0b mappedMem=0b (storeSize=0b)
2015-04-14 16:02:18.444+0000 INFO  [org.neo4j]: [neo4j-friend5.0-db/neostore.propertystore.db.arrays] brickCount=0 brickSize=669952b mappedMem=670040064b (storeSize=128b)
2015-04-14 16:02:18.446+0000 INFO  [org.neo4j]: [neo4j-friend5.0-db/neostore.propertystore.db] brickCount=0 brickSize=6952042b mappedMem=695205888b (storeSize=0b)
2015-04-14 16:02:18.448+0000 INFO  [org.neo4j]: [neo4j-friend5.0-db/neostore.relationshipstore.db] brickCount=0 brickSize=8514416b mappedMem=851443712b (storeSize=0b)
2015-04-14 16:02:18.448+0000 INFO  [org.neo4j]: [neo4j-friend5.0-db/neostore.nodestore.db.labels] brickCount=0 brickSize=0b mappedMem=0b (storeSize=68b)
2015-04-14 16:02:18.450+0000 INFO  [org.neo4j]: [neo4j-friend5.0-db/neostore.nodestore.db] brickCount=0 brickSize=1929375b mappedMem=192937984b (storeSize=0b)
2015-04-14 16:02:18.451+0000 INFO  [org.neo4j]: [neo4j-friend5.0-db/neostore.schemastore.db] brickCount=0 brickSize=0b mappedMem=0b (storeSize=64b)
2015-04-14 16:02:18.453+0000 INFO  [org.neo4j]: [neo4j-friend5.0-db/neostore.relationshipgroupstore.db] brickCount=0 brickSize=0b mappedMem=0b (storeSize=25b)
2015-04-14 16:02:18.454+0000 INFO  [org.neo4j]: [neo4j-friend5.0-db/neostore] brickCount=0 brickSize=0b mappedMem=0b (storeSize=0b)
2015-04-14 16:02:18.462+0000 INFO  [org.neo4j]: neo4j-friend5.0-db/neostore.relationshiptypestore.db.names hit=0 miss=0 switches=0 ooe=0
2015-04-14 16:02:18.463+0000 INFO  [org.neo4j]: neo4j-friend5.0-db/neostore.relationshiptypestore.db hit=0 miss=0 switches=0 ooe=0
2015-04-14 16:02:18.464+0000 INFO  [org.neo4j]: neo4j-friend5.0-db/neostore.labeltokenstore.db.names hit=0 miss=0 switches=0 ooe=0
2015-04-14 16:02:18.465+0000 INFO  [org.neo4j]: neo4j-friend5.0-db/neostore.labeltokenstore.db hit=0 miss=0 switches=0 ooe=0
2015-04-14 16:02:18.466+0000 INFO  [org.neo4j]: neo4j-friend5.0-db/neostore.propertystore.db.strings hit=0 miss=0 switches=0 ooe=0
2015-04-14 16:02:18.467+0000 INFO  [org.neo4j]: neo4j-friend5.0-db/neostore.propertystore.db.index.keys hit=0 miss=0 switches=0 ooe=0
2015-04-14 16:02:18.467+0000 INFO  [org.neo4j]: neo4j-friend5.0-db/neostore.propertystore.db.index hit=0 miss=0 switches=0 ooe=0
2015-04-14 16:02:18.468+0000 INFO  [org.neo4j]: neo4j-friend5.0-db/neostore.propertystore.db.arrays hit=0 miss=0 switches=0 ooe=0
2015-04-14 16:02:18.470+0000 INFO  [org.neo4j]: neo4j-friend5.0-db/neostore.propertystore.db hit=0 miss=0 switches=0 ooe=0
2015-04-14 16:02:18.471+0000 INFO  [org.neo4j]: neo4j-friend5.0-db/neostore.relationshipstore.db hit=0 miss=0 switches=0 ooe=0
2015-04-14 16:02:18.475+0000 INFO  [org.neo4j]: neo4j-friend5.0-db/neostore.nodestore.db.labels hit=0 miss=0 switches=0 ooe=0
2015-04-14 16:02:18.481+0000 INFO  [org.neo4j]: neo4j-friend5.0-db/neostore.nodestore.db hit=0 miss=0 switches=0 ooe=0
2015-04-14 16:02:18.483+0000 INFO  [org.neo4j]: neo4j-friend5.0-db/neostore.schemastore.db hit=0 miss=0 switches=0 ooe=0
2015-04-14 16:02:18.484+0000 INFO  [org.neo4j]: neo4j-friend5.0-db/neostore.relationshipgroupstore.db hit=0 miss=0 switches=0 ooe=0
2015-04-14 16:02:18.485+0000 INFO  [org.neo4j]: neo4j-friend5.0-db/neostore hit=0 miss=10 switches=0 ooe=0
2015-04-14 16:02:18.496+0000 INFO  [org.neo4j]: [neo4j-friend5.0-db/neostore.relationshiptypestore.db.names] brickCount=0 brickSize=0b mappedMem=0b (storeSize=38b)
2015-04-14 16:02:18.497+0000 INFO  [org.neo4j]: [neo4j-friend5.0-db/neostore.relationshiptypestore.db] brickCount=0 brickSize=0b mappedMem=0b (storeSize=0b)
2015-04-14 16:02:18.497+0000 INFO  [org.neo4j]: [neo4j-friend5.0-db/neostore.labeltokenstore.db.names] brickCount=0 brickSize=0b mappedMem=0b (storeSize=38b)
2015-04-14 16:02:18.497+0000 INFO  [org.neo4j]: [neo4j-friend5.0-db/neostore.labeltokenstore.db] brickCount=0 brickSize=0b mappedMem=0b (storeSize=0b)
2015-04-14 16:02:18.498+0000 INFO  [org.neo4j]: [neo4j-friend5.0-db/neostore.propertystore.db.strings] brickCount=0 brickSize=590336b mappedMem=590348288b (storeSize=128b)
2015-04-14 16:02:18.499+0000 INFO  [org.neo4j]: [neo4j-friend5.0-db/neostore.propertystore.db.index.keys] brickCount=0 brickSize=0b mappedMem=0b (storeSize=38b)
2015-04-14 16:02:18.499+0000 INFO  [org.neo4j]: [neo4j-friend5.0-db/neostore.propertystore.db.index] brickCount=0 brickSize=0b mappedMem=0b (storeSize=0b)
2015-04-14 16:02:18.499+0000 INFO  [org.neo4j]: [neo4j-friend5.0-db/neostore.propertystore.db.arrays] brickCount=0 brickSize=669952b mappedMem=670040064b (storeSize=128b)
2015-04-14 16:02:18.500+0000 INFO  [org.neo4j]: [neo4j-friend5.0-db/neostore.propertystore.db] brickCount=0 brickSize=6952042b mappedMem=695205888b (storeSize=0b)
2015-04-14 16:02:18.500+0000 INFO  [org.neo4j]: [neo4j-friend5.0-db/neostore.relationshipstore.db] brickCount=0 brickSize=8514416b mappedMem=851443712b (storeSize=0b)
2015-04-14 16:02:18.501+0000 INFO  [org.neo4j]: [neo4j-friend5.0-db/neostore.nodestore.db.labels] brickCount=0 brickSize=0b mappedMem=0b (storeSize=68b)
2015-04-14 16:02:18.501+0000 INFO  [org.neo4j]: [neo4j-friend5.0-db/neostore.nodestore.db] brickCount=0 brickSize=1929375b mappedMem=192937984b (storeSize=0b)
2015-04-14 16:02:18.502+0000 INFO  [org.neo4j]: [neo4j-friend5.0-db/neostore.schemastore.db] brickCount=0 brickSize=0b mappedMem=0b (storeSize=64b)
2015-04-14 16:02:18.502+0000 INFO  [org.neo4j]: [neo4j-friend5.0-db/neostore.relationshipgroupstore.db] brickCount=0 brickSize=0b mappedMem=0b (storeSize=25b)
2015-04-14 16:02:18.503+0000 INFO  [org.neo4j]: [neo4j-friend5.0-db/neostore] brickCount=0 brickSize=0b mappedMem=0b (storeSize=81b)
2015-04-14 16:02:18.593+0000 INFO  [org.neo4j]: No lucene scan store index found, this might just be first use. Preparing to rebuild.
2015-04-14 16:02:18.623+0000 INFO  [org.neo4j]: No lucene scan store index found, this might just be first use. Preparing to rebuild.
2015-04-14 16:02:18.699+0000 INFO  [org.neo4j]: Opened logical log [neo4j-friend5.0-db/nioneo_logical.log.1] version=0, lastTxId=1 (clean)
2015-04-14 16:02:18.702+0000 INFO  [org.neo4j]: Rebuilding lucene scan store, this may take a while
2015-04-14 16:02:18.703+0000 INFO  [org.neo4j]: Lucene scan store rebuilt (roughly -1 nodes)
2015-04-14 16:02:18.706+0000 INFO  [org.neo4j]: TM new log: tm_tx_log.1
2015-04-14 16:02:18.713+0000 INFO  [org.neo4j]: Kernel health set to OK
2015-04-14 16:02:18.729+0000 INFO  [org.neo4j]: Opened logical log [neo4j-friend5.0-db/index/lucene.log.1] version=0, lastTxId=1 (clean)
2015-04-14 16:02:18.735+0000 INFO  [org.neo4j]: --- STARTED diagnostics for KernelDiagnostics:Versions START ---
2015-04-14 16:02:18.735+0000 INFO  [org.neo4j]: Graph Database: org.neo4j.kernel.EmbeddedGraphDatabase StoreId{creationTime=1429027338400, randomId=-518599189401536674, storeVersion=14406081294923270, upgradeTime=1429027338400, upgradeId=-518599189401536674}
2015-04-14 16:02:18.736+0000 INFO  [org.neo4j]: Kernel version: Neo4j - Graph Database Kernel (neo4j-kernel), version: 2.1.6
2015-04-14 16:02:18.736+0000 INFO  [org.neo4j]: Neo4j component versions:
2015-04-14 16:02:18.755+0000 INFO  [org.neo4j]:   Neo4j - JMX support (neo4j-jmx), version: 2.1.6; revision: 2.1.6:2.1-maint:605/0d7f25fc608f15c54ec1a01f4ba4564ebfb1071a
2015-04-14 16:02:18.755+0000 INFO  [org.neo4j]:   Neo4j - Lucene Index (neo4j-lucene-index), version: 2.1.6; revision: 2.1.6:2.1-maint:605/0d7f25fc608f15c54ec1a01f4ba4564ebfb1071a
2015-04-14 16:02:18.756+0000 INFO  [org.neo4j]:   Neo4j - Graph Matching (neo4j-graph-matching), version: 2.1.6; revision: 2.1.6:2.1-maint:605/0d7f25fc608f15c54ec1a01f4ba4564ebfb1071a
2015-04-14 16:02:18.756+0000 INFO  [org.neo4j]:   Neo4j - Cypher Compiler 2.1 (neo4j-cypher-compiler-2.1), version: 2.1.6; revision: 2.1.6:2.1-maint:605/0d7f25fc608f15c54ec1a01f4ba4564ebfb1071a
2015-04-14 16:02:18.756+0000 INFO  [org.neo4j]:   Neo4j - Cypher (neo4j-cypher), version: 2.1.6; revision: 2.1.6:2.1-maint:605/0d7f25fc608f15c54ec1a01f4ba4564ebfb1071a
2015-04-14 16:02:18.756+0000 INFO  [org.neo4j]:   Neo4j - Graph Database Kernel (neo4j-kernel), version: 2.1.6; revision: 2.1.6:2.1-maint:605/0d7f25fc608f15c54ec1a01f4ba4564ebfb1071a
2015-04-14 16:02:18.756+0000 INFO  [org.neo4j]:   Neo4j - Cypher Compiler 2.0 (neo4j-cypher-compiler-2.0), version: 2.0.3; revision: 2.0.3:2.0-maint:72/307c563c11b75fdc71cfa6df05daf9b08d6c37dc
2015-04-14 16:02:18.756+0000 INFO  [org.neo4j]:   Neo4j - Graph Algorithms (neo4j-graph-algo), version: 2.1.6; revision: 2.1.6:2.1-maint:605/0d7f25fc608f15c54ec1a01f4ba4564ebfb1071a
2015-04-14 16:02:18.757+0000 INFO  [org.neo4j]:   Neo4j Community (neo4j), version: 2.1.6; revision: 2.1.6:2.1-maint:605/0d7f25fc608f15c54ec1a01f4ba4564ebfb1071a
2015-04-14 16:02:18.757+0000 INFO  [org.neo4j]:   Neo4j - Cypher Compiler 1.9 (neo4j-cypher-compiler-1.9), version: 2.0.3; revision: 2.0.3:2.0-maint:72/307c563c11b75fdc71cfa6df05daf9b08d6c37dc
2015-04-14 16:02:18.757+0000 INFO  [org.neo4j]:   neo4j-udc, version: 2.1.6; revision: 2.1.6:2.1-maint:605/0d7f25fc608f15c54ec1a01f4ba4564ebfb1071a
2015-04-14 16:02:18.757+0000 INFO  [org.neo4j]:   Neo4j - Cypher Commons (neo4j-cypher-commons), version: 2.1.6; revision: 2.1.6:2.1-maint:605/0d7f25fc608f15c54ec1a01f4ba4564ebfb1071a
2015-04-14 16:02:18.757+0000 INFO  [org.neo4j]: --- STARTED diagnostics for KernelDiagnostics:Versions END ---
2015-04-14 16:02:18.760+0000 INFO  [org.neo4j]: --- STARTED diagnostics for NEO_STORE_VERSIONS START ---
2015-04-14 16:02:18.761+0000 INFO  [org.neo4j]: Store versions:
    Store versions:
      NeoStore v0.A.3
      SchemaStore v0.A.3
      NodeStore v0.A.3
      RelationshipStore v0.A.3
      RelationshipTypeStore v0.A.3
      LabelTokenStore v0.A.3
      PropertyStore v0.A.3
      PropertyIndexStore v0.A.3
      StringPropertyStore v0.A.3
      ArrayPropertyStore v0.A.3
      RelationshipGroupStore v0.A.3
2015-04-14 16:02:18.761+0000 INFO  [org.neo4j]: --- STARTED diagnostics for NEO_STORE_VERSIONS END ---
2015-04-14 16:02:18.761+0000 INFO  [org.neo4j]: --- STARTED diagnostics for NEO_STORE_ID_USAGE START ---
2015-04-14 16:02:18.762+0000 INFO  [org.neo4j]: Id usage:
    Id usage:
      SchemaStore: used=1 high=0
      NodeStore: used=0 high=-1
      RelationshipStore: used=0 high=-1
      RelationshipTypeStore: used=0 high=-1
      LabelTokenStore: used=0 high=-1
      PropertyStore: used=0 high=-1
      PropertyIndexStore: used=0 high=-1
      StringPropertyStore: used=1 high=0
      ArrayPropertyStore: used=1 high=0
      RelationshipGroupStore: used=1 high=0
2015-04-14 16:02:18.763+0000 INFO  [org.neo4j]: --- STARTED diagnostics for NEO_STORE_ID_USAGE END ---
2015-04-14 16:02:18.763+0000 INFO  [org.neo4j]: --- STARTED diagnostics for PERSISTENCE_WINDOW_POOL_STATS START ---
2015-04-14 16:02:18.763+0000 INFO  [org.neo4j]: --- STARTED diagnostics for PERSISTENCE_WINDOW_POOL_STATS END ---
2015-04-14 16:02:18.764+0000 INFO  [org.neo4j]: --- STARTED diagnostics for KernelDiagnostics:StoreFiles START ---
2015-04-14 16:02:18.764+0000 INFO  [org.neo4j]: Disk space on partition (Total / Free / Free %): 249787973632 / 24776134656 / 9
Storage files: (filename : modification date - size)
      active_tx_log: 2015-04-14T12:02:18-0400 - 11.00 B
      index:
        lucene-store.db: 2015-04-14T12:02:18-0400 - 40.00 B
        lucene.log.1: 2015-04-14T12:02:18-0400 - 16.00 B
        lucene.log.active: 2015-04-14T12:02:18-0400 - 4.00 B
      - Total: 2015-04-14T12:02:18-0400 - 60.00 B
      lock: 2015-04-14T12:02:18-0400 - 0.00 B
      messages.log: 2015-04-14T12:02:18-0400 - 24.20 kB
      neostore: 2015-04-14T12:02:18-0400 - 81.00 B
      neostore.id: 2015-04-14T12:02:18-0400 - 9.00 B
      neostore.labeltokenstore.db: 2015-04-14T12:02:18-0400 - 0.00 B
      neostore.labeltokenstore.db.id: 2015-04-14T12:02:18-0400 - 9.00 B
      neostore.labeltokenstore.db.names: 2015-04-14T12:02:18-0400 - 38.00 B
      neostore.labeltokenstore.db.names.id: 2015-04-14T12:02:18-0400 - 9.00 B
      neostore.nodestore.db: 2015-04-14T12:02:18-0400 - 0.00 B
      neostore.nodestore.db.id: 2015-04-14T12:02:18-0400 - 9.00 B
      neostore.nodestore.db.labels: 2015-04-14T12:02:18-0400 - 68.00 B
      neostore.nodestore.db.labels.id: 2015-04-14T12:02:18-0400 - 9.00 B
      neostore.propertystore.db: 2015-04-14T12:02:18-0400 - 0.00 B
      neostore.propertystore.db.arrays: 2015-04-14T12:02:18-0400 - 128.00 B
      neostore.propertystore.db.arrays.id: 2015-04-14T12:02:18-0400 - 9.00 B
      neostore.propertystore.db.id: 2015-04-14T12:02:18-0400 - 9.00 B
      neostore.propertystore.db.index: 2015-04-14T12:02:18-0400 - 0.00 B
      neostore.propertystore.db.index.id: 2015-04-14T12:02:18-0400 - 9.00 B
      neostore.propertystore.db.index.keys: 2015-04-14T12:02:18-0400 - 38.00 B
      neostore.propertystore.db.index.keys.id: 2015-04-14T12:02:18-0400 - 9.00 B
      neostore.propertystore.db.strings: 2015-04-14T12:02:18-0400 - 128.00 B
      neostore.propertystore.db.strings.id: 2015-04-14T12:02:18-0400 - 9.00 B
      neostore.relationshipgroupstore.db: 2015-04-14T12:02:18-0400 - 25.00 B
      neostore.relationshipgroupstore.db.id: 2015-04-14T12:02:18-0400 - 9.00 B
      neostore.relationshipstore.db: 2015-04-14T12:02:18-0400 - 0.00 B
      neostore.relationshipstore.db.id: 2015-04-14T12:02:18-0400 - 9.00 B
      neostore.relationshiptypestore.db: 2015-04-14T12:02:18-0400 - 0.00 B
      neostore.relationshiptypestore.db.id: 2015-04-14T12:02:18-0400 - 9.00 B
      neostore.relationshiptypestore.db.names: 2015-04-14T12:02:18-0400 - 38.00 B
      neostore.relationshiptypestore.db.names.id: 2015-04-14T12:02:18-0400 - 9.00 B
      neostore.schemastore.db: 2015-04-14T12:02:18-0400 - 64.00 B
      neostore.schemastore.db.id: 2015-04-14T12:02:18-0400 - 9.00 B
      nioneo_logical.log.1: 2015-04-14T12:02:18-0400 - 16.00 B
      nioneo_logical.log.active: 2015-04-14T12:02:18-0400 - 4.00 B
      schema:
        label:
          lucene:
            write.lock: 2015-04-14T12:02:18-0400 - 0.00 B
          - Total: 2015-04-14T12:02:18-0400 - 0.00 B
        - Total: 2015-04-14T12:02:18-0400 - 0.00 B
      - Total: 2015-04-14T12:02:18-0400 - 0.00 B
      store_lock: 2015-04-14T12:02:18-0400 - 0.00 B
      tm_tx_log.1: 2015-04-14T12:02:18-0400 - 0.00 B
2015-04-14 16:02:18.779+0000 INFO  [org.neo4j]: --- STARTED diagnostics for KernelDiagnostics:StoreFiles END ---
2015-04-14 16:02:18.828+0000 INFO  [org.neo4j]: Database is now ready
2015-04-14 16:10:50.007+0000 INFO  [org.neo4j]: GC Monitor: Application threads blocked for 199750ms.
2015-04-14 16:10:52.808+0000 INFO  [org.neo4j]: GC Monitor: Application threads blocked for 217ms.
2015-04-14 16:20:54.065+0000 INFO  [org.neo4j]: GC Monitor: Application threads blocked for 263577ms.
2015-04-14 16:31:00.855+0000 INFO  [org.neo4j]: Shutdown started
2015-04-14 16:31:00.856+0000 INFO  [org.neo4j]: Database is now unavailable
2015-04-14 16:31:00.858+0000 INFO  [org.neo4j]: Closed log neo4j-friend5.0-db/index/lucene.log
2015-04-14 16:31:00.859+0000 INFO  [org.neo4j]: TM shutting down
2015-04-14 16:31:00.892+0000 INFO  [org.neo4j]: Closed log neo4j-friend5.0-db/nioneo_logical.log
2015-04-14 16:31:00.892+0000 INFO  [org.neo4j]: neo4j-friend5.0-db/neostore.relationshiptypestore.db.names hit=0 miss=4 switches=0 ooe=0
2015-04-14 16:31:00.893+0000 INFO  [org.neo4j]: neo4j-friend5.0-db/neostore.relationshiptypestore.db hit=0 miss=4 switches=0 ooe=0
2015-04-14 16:31:00.894+0000 INFO  [org.neo4j]: neo4j-friend5.0-db/neostore.labeltokenstore.db.names hit=0 miss=0 switches=0 ooe=0
2015-04-14 16:31:00.894+0000 INFO  [org.neo4j]: neo4j-friend5.0-db/neostore.labeltokenstore.db hit=0 miss=0 switches=0 ooe=0
2015-04-14 16:31:00.895+0000 INFO  [org.neo4j]: neo4j-friend5.0-db/neostore.propertystore.db.strings hit=22 miss=0 switches=0 ooe=0
2015-04-14 16:31:00.896+0000 INFO  [org.neo4j]: neo4j-friend5.0-db/neostore.propertystore.db.index.keys hit=0 miss=4 switches=0 ooe=0
2015-04-14 16:31:00.897+0000 INFO  [org.neo4j]: neo4j-friend5.0-db/neostore.propertystore.db.index hit=0 miss=4 switches=0 ooe=0
2015-04-14 16:31:00.898+0000 INFO  [org.neo4j]: neo4j-friend5.0-db/neostore.propertystore.db.arrays hit=0 miss=0 switches=0 ooe=0
2015-04-14 16:31:00.898+0000 INFO  [org.neo4j]: neo4j-friend5.0-db/neostore.propertystore.db hit=575 miss=0 switches=0 ooe=0
2015-04-14 16:31:00.899+0000 INFO  [org.neo4j]: neo4j-friend5.0-db/neostore.relationshipstore.db hit=719 miss=0 switches=0 ooe=0
2015-04-14 16:31:00.900+0000 INFO  [org.neo4j]: neo4j-friend5.0-db/neostore.nodestore.db.labels hit=0 miss=0 switches=0 ooe=0
2015-04-14 16:31:00.901+0000 INFO  [org.neo4j]: neo4j-friend5.0-db/neostore.nodestore.db hit=524 miss=0 switches=0 ooe=0
2015-04-14 16:31:00.902+0000 INFO  [org.neo4j]: neo4j-friend5.0-db/neostore.schemastore.db hit=0 miss=0 switches=0 ooe=0
2015-04-14 16:31:00.903+0000 INFO  [org.neo4j]: neo4j-friend5.0-db/neostore.relationshipgroupstore.db hit=0 miss=0 switches=0 ooe=0
2015-04-14 16:31:00.904+0000 INFO  [org.neo4j]: neo4j-friend5.0-db/neostore hit=0 miss=165 switches=0 ooe=0
2015-04-14 16:31:00.904+0000 INFO  [org.neo4j]: NeoStore closed
2015-04-14 16:31:00.905+0000 INFO  [org.neo4j]: --- STOPPING diagnostics START ---
2015-04-14 16:31:00.905+0000 INFO  [org.neo4j]: --- STOPPING diagnostics END ---
2015-04-14 16:56:01.996+0000 INFO  [o.n.s.CommunityNeoServer]: Setting startup timeout to: 120000ms based on -1
2015-04-14 16:56:02.089+0000 INFO  [o.n.k.InternalAbstractGraphDatabase]: No locking implementation specified, defaulting to 'community'
2015-04-14 16:56:02.161+0000 INFO  [o.n.k.i.DiagnosticsManager]: --- INITIALIZED diagnostics START ---
2015-04-14 16:56:02.162+0000 INFO  [o.n.k.i.DiagnosticsManager]: Neo4j Kernel properties:
2015-04-14 16:56:02.163+0000 INFO  [o.n.k.i.DiagnosticsManager]: neostore.propertystore.db.mapped_memory=555M
2015-04-14 16:56:02.163+0000 INFO  [o.n.k.i.DiagnosticsManager]: neostore.relationshipgroupstore.db.mapped_memory=0M
2015-04-14 16:56:02.163+0000 INFO  [o.n.k.i.DiagnosticsManager]: neostore.nodestore.db.mapped_memory=153M
2015-04-14 16:56:02.163+0000 INFO  [o.n.k.i.DiagnosticsManager]: neostore.relationshipstore.db.mapped_memory=656M
2015-04-14 16:56:02.164+0000 INFO  [o.n.k.i.DiagnosticsManager]: neostore.propertystore.db.strings.mapped_memory=486M
2015-04-14 16:56:02.164+0000 INFO  [o.n.k.i.DiagnosticsManager]: store_dir=/Users/Vincent/Desktop/weiboAnalysis/SinaMaven/neo4j-friend5.0-db
2015-04-14 16:56:02.164+0000 INFO  [o.n.k.i.DiagnosticsManager]: neostore.propertystore.db.arrays.mapped_memory=567M
2015-04-14 16:56:02.164+0000 INFO  [o.n.k.i.DiagnosticsManager]: remote_shell_enabled=true
2015-04-14 16:56:02.165+0000 INFO  [o.n.k.i.DiagnosticsManager]: Diagnostics providers:
2015-04-14 16:56:02.165+0000 INFO  [o.n.k.i.DiagnosticsManager]: org.neo4j.kernel.configuration.Config
2015-04-14 16:56:02.165+0000 INFO  [o.n.k.i.DiagnosticsManager]: org.neo4j.kernel.info.DiagnosticsManager
2015-04-14 16:56:02.165+0000 INFO  [o.n.k.i.DiagnosticsManager]: SYSTEM_MEMORY
2015-04-14 16:56:02.165+0000 INFO  [o.n.k.i.DiagnosticsManager]: JAVA_MEMORY
2015-04-14 16:56:02.165+0000 INFO  [o.n.k.i.DiagnosticsManager]: OPERATING_SYSTEM
2015-04-14 16:56:02.165+0000 INFO  [o.n.k.i.DiagnosticsManager]: JAVA_VIRTUAL_MACHINE
2015-04-14 16:56:02.165+0000 INFO  [o.n.k.i.DiagnosticsManager]: CLASSPATH
2015-04-14 16:56:02.165+0000 INFO  [o.n.k.i.DiagnosticsManager]: LIBRARY_PATH
2015-04-14 16:56:02.165+0000 INFO  [o.n.k.i.DiagnosticsManager]: SYSTEM_PROPERTIES
2015-04-14 16:56:02.165+0000 INFO  [o.n.k.i.DiagnosticsManager]: NETWORK
2015-04-14 16:56:02.166+0000 INFO  [o.n.k.i.DiagnosticsManager]: System memory information:
2015-04-14 16:56:02.168+0000 INFO  [o.n.k.i.DiagnosticsManager]: Total Physical memory: 8.00 GB
2015-04-14 16:56:02.169+0000 INFO  [o.n.k.i.DiagnosticsManager]: Free Physical memory: 1.11 GB
2015-04-14 16:56:02.170+0000 INFO  [o.n.k.i.DiagnosticsManager]: Committed virtual memory: 4.63 GB
2015-04-14 16:56:02.171+0000 INFO  [o.n.k.i.DiagnosticsManager]: Total swap space: 1.00 GB
2015-04-14 16:56:02.172+0000 INFO  [o.n.k.i.DiagnosticsManager]: Free swap space: 980.75 MB
2015-04-14 16:56:02.173+0000 INFO  [o.n.k.i.DiagnosticsManager]: JVM memory information:
2015-04-14 16:56:02.173+0000 INFO  [o.n.k.i.DiagnosticsManager]: Free  memory: 102.31 MB
2015-04-14 16:56:02.174+0000 INFO  [o.n.k.i.DiagnosticsManager]: Total memory: 123.75 MB
2015-04-14 16:56:02.174+0000 INFO  [o.n.k.i.DiagnosticsManager]: Max   memory: 1.97 GB
2015-04-14 16:56:02.176+0000 INFO  [o.n.k.i.DiagnosticsManager]: Garbage Collector: ParNew: [Par Eden Space, Par Survivor Space]
2015-04-14 16:56:02.176+0000 INFO  [o.n.k.i.DiagnosticsManager]: Garbage Collector: ConcurrentMarkSweep: [Par Eden Space, Par Survivor Space, CMS Old Gen, CMS Perm Gen]
2015-04-14 16:56:02.178+0000 INFO  [o.n.k.i.DiagnosticsManager]: Memory Pool: Code Cache (Non-heap memory): committed=2.44 MB, used=743.19 kB, max=48.00 MB, threshold=0.00 B
2015-04-14 16:56:02.178+0000 INFO  [o.n.k.i.DiagnosticsManager]: Memory Pool: Par Eden Space (Heap memory): committed=34.13 MB, used=16.64 MB, max=266.25 MB, threshold=?
2015-04-14 16:56:02.179+0000 INFO  [o.n.k.i.DiagnosticsManager]: Memory Pool: Par Survivor Space (Heap memory): committed=4.25 MB, used=4.25 MB, max=33.25 MB, threshold=?
2015-04-14 16:56:02.179+0000 INFO  [o.n.k.i.DiagnosticsManager]: Memory Pool: CMS Old Gen (Heap memory): committed=85.38 MB, used=569.04 kB, max=1.68 GB, threshold=0.00 B
2015-04-14 16:56:02.180+0000 INFO  [o.n.k.i.DiagnosticsManager]: Memory Pool: CMS Perm Gen (Non-heap memory): committed=20.75 MB, used=12.89 MB, max=82.00 MB, threshold=0.00 B
2015-04-14 16:56:02.180+0000 INFO  [o.n.k.i.DiagnosticsManager]: Operating system information:
2015-04-14 16:56:02.181+0000 INFO  [o.n.k.i.DiagnosticsManager]: Operating System: Mac OS X; version: 10.10.3; arch: x86_64; cpus: 4
2015-04-14 16:56:02.182+0000 INFO  [o.n.k.i.DiagnosticsManager]: Max number of file descriptors: 10240
2015-04-14 16:56:02.182+0000 INFO  [o.n.k.i.DiagnosticsManager]: Number of open file descriptors: 87
2015-04-14 16:56:02.183+0000 INFO  [o.n.k.i.DiagnosticsManager]: Process id: 8134@dhcp-128-146-165-97.osuwireless.ohio-state.edu
2015-04-14 16:56:02.183+0000 INFO  [o.n.k.i.DiagnosticsManager]: Byte order: LITTLE_ENDIAN
2015-04-14 16:56:02.183+0000 INFO  [o.n.k.i.DiagnosticsManager]: Local timezone: America/New_York
2015-04-14 16:56:02.183+0000 INFO  [o.n.k.i.DiagnosticsManager]: JVM information:
2015-04-14 16:56:02.183+0000 INFO  [o.n.k.i.DiagnosticsManager]: VM Name: Java HotSpot(TM) 64-Bit Server VM
2015-04-14 16:56:02.183+0000 INFO  [o.n.k.i.DiagnosticsManager]: VM Vendor: Oracle Corporation
2015-04-14 16:56:02.183+0000 INFO  [o.n.k.i.DiagnosticsManager]: VM Version: 24.65-b04
2015-04-14 16:56:02.183+0000 INFO  [o.n.k.i.DiagnosticsManager]: JIT compiler: HotSpot 64-Bit Tiered Compilers
2015-04-14 16:56:02.184+0000 INFO  [o.n.k.i.DiagnosticsManager]: VM Arguments: [-XX:+DisableExplicitGC, -Dorg.neo4j.server.properties=conf/neo4j-server.properties, -Djava.util.logging.config.file=conf/logging.properties, -Dlog4j.configuration=file:conf/log4j.properties, -XX:+UseConcMarkSweepGC, -XX:+CMSClassUnloadingEnabled, -XX:-OmitStackTraceInFastThrow, -Dneo4j.home=/Users/Vincent/Downloads/neo4j-community-2.1.7, -Dneo4j.instance=/Users/Vincent/Downloads/neo4j-community-2.1.7, -Dfile.encoding=UTF-8]
2015-04-14 16:56:02.184+0000 INFO  [o.n.k.i.DiagnosticsManager]: Java classpath:
2015-04-14 16:56:02.186+0000 INFO  [o.n.k.i.DiagnosticsManager]:  [classpath + loader.0] file:/Users/Vincent/Downloads/neo4j-community-2.1.7/system/lib/opencsv-2.3.jar
2015-04-14 16:56:02.186+0000 INFO  [o.n.k.i.DiagnosticsManager]:  [loader.1] file:/System/Library/Java/Extensions/dns_sd.jar
2015-04-14 16:56:02.186+0000 INFO  [o.n.k.i.DiagnosticsManager]:  [loader.1] file:/Library/Java/JavaVirtualMachines/jdk1.7.0_67.jdk/Contents/Home/jre/lib/ext/sunec.jar
2015-04-14 16:56:02.186+0000 INFO  [o.n.k.i.DiagnosticsManager]:  [classpath + loader.0] file:/Users/Vincent/Downloads/neo4j-community-2.1.7/system/lib/commons-digester-1.8.1.jar
2015-04-14 16:56:02.186+0000 INFO  [o.n.k.i.DiagnosticsManager]:  [classpath + loader.0] file:/Users/Vincent/Downloads/neo4j-community-2.1.7/lib/neo4j-cypher-compiler-2.0-2.0.3.jar
2015-04-14 16:56:02.186+0000 INFO  [o.n.k.i.DiagnosticsManager]:  [classpath + loader.0] file:/Users/Vincent/Downloads/neo4j-community-2.1.7/system/lib/slf4j-api-1.6.2.jar
2015-04-14 16:56:02.186+0000 INFO  [o.n.k.i.DiagnosticsManager]:  [loader.1] file:/System/Library/Java/Extensions/MRJToolkit.jar
2015-04-14 16:56:02.186+0000 INFO  [o.n.k.i.DiagnosticsManager]:  [loader.1] file:/System/Library/Java/Extensions/vecmath.jar
2015-04-14 16:56:02.186+0000 INFO  [o.n.k.i.DiagnosticsManager]:  [loader.1] file:/System/Library/Java/Extensions/libmlib_jai.jnilib
2015-04-14 16:56:02.186+0000 INFO  [o.n.k.i.DiagnosticsManager]:  [classpath + loader.0] file:/Users/Vincent/Downloads/neo4j-community-2.1.7/system/lib/neo4j-server-2.1.7.jar
2015-04-14 16:56:02.186+0000 INFO  [o.n.k.i.DiagnosticsManager]:  [loader.1] file:/Library/Java/JavaVirtualMachines/jdk1.7.0_67.jdk/Contents/Home/jre/lib/ext/dnsns.jar
2015-04-14 16:56:02.186+0000 INFO  [o.n.k.i.DiagnosticsManager]:  [classpath + loader.0] file:/Users/Vincent/Downloads/neo4j-community-2.1.7/system/lib/logback-access-1.1.2.jar
2015-04-14 16:56:02.186+0000 INFO  [o.n.k.i.DiagnosticsManager]:  [classpath + loader.0] file:/Users/Vincent/Downloads/neo4j-community-2.1.7/lib/opencsv-2.3.jar
2015-04-14 16:56:02.186+0000 INFO  [o.n.k.i.DiagnosticsManager]:  [classpath + loader.0] file:/Users/Vincent/Downloads/neo4j-community-2.1.7/system/lib/jackson-mapper-asl-1.9.7.jar
2015-04-14 16:56:02.186+0000 INFO  [o.n.k.i.DiagnosticsManager]:  [classpath + loader.0] file:/Users/Vincent/Downloads/neo4j-community-2.1.7/lib/neo4j-kernel-2.1.7.jar
2015-04-14 16:56:02.186+0000 INFO  [o.n.k.i.DiagnosticsManager]:  [loader.1] file:/Library/Java/JavaVirtualMachines/jdk1.7.0_67.jdk/Contents/Home/jre/lib/ext/sunjce_provider.jar
2015-04-14 16:56:02.186+0000 INFO  [o.n.k.i.DiagnosticsManager]:  [classpath + loader.0] file:/Users/Vincent/Downloads/neo4j-community-2.1.7/system/lib/commons-collections-3.2.1.jar
2015-04-14 16:56:02.186+0000 INFO  [o.n.k.i.DiagnosticsManager]:  [loader.1] file:/System/Library/Java/Extensions/libJ3D.jnilib
2015-04-14 16:56:02.186+0000 INFO  [o.n.k.i.DiagnosticsManager]:  [classpath + loader.0] file:/Users/Vincent/Downloads/neo4j-community-2.1.7/system/lib/commons-lang-2.4.jar
2015-04-14 16:56:02.186+0000 INFO  [o.n.k.i.DiagnosticsManager]:  [loader.1] file:/System/Library/Java/Extensions/mlibwrapper_jai.jar
2015-04-14 16:56:02.187+0000 INFO  [o.n.k.i.DiagnosticsManager]:  [classpath + loader.0] file:/Users/Vincent/Downloads/neo4j-community-2.1.7/lib/neo4j-shell-2.1.7.jar
2015-04-14 16:56:02.187+0000 INFO  [o.n.k.i.DiagnosticsManager]:  [bootstrap] /Library/Java/JavaVirtualMachines/jdk1.7.0_67.jdk/Contents/Home/jre/lib/jce.jar
2015-04-14 16:56:02.187+0000 INFO  [o.n.k.i.DiagnosticsManager]:  [classpath + loader.0] file:/Users/Vincent/Downloads/neo4j-community-2.1.7/lib/parboiled-scala_2.10-1.1.6.jar
2015-04-14 16:56:02.187+0000 INFO  [o.n.k.i.DiagnosticsManager]:  [bootstrap] /Library/Java/JavaVirtualMachines/jdk1.7.0_67.jdk/Contents/Home/jre/lib/rt.jar
2015-04-14 16:56:02.187+0000 INFO  [o.n.k.i.DiagnosticsManager]:  [classpath + loader.0] file:/Users/Vincent/Downloads/neo4j-community-2.1.7/lib/scala-library-2.10.4.jar
2015-04-14 16:56:02.187+0000 INFO  [o.n.k.i.DiagnosticsManager]:  [classpath + loader.0] file:/Users/Vincent/Downloads/neo4j-community-2.1.7/system/lib/jetty-util-9.0.5.v20130815.jar
2015-04-14 16:56:02.187+0000 INFO  [o.n.k.i.DiagnosticsManager]:  [classpath + loader.0] file:/Users/Vincent/Downloads/neo4j-community-2.1.7/system/lib/jersey-core-1.9.jar
2015-04-14 16:56:02.187+0000 INFO  [o.n.k.i.DiagnosticsManager]:  [classpath + loader.0] file:/Users/Vincent/Downloads/neo4j-community-2.1.7/system/lib/jackson-core-asl-1.9.7.jar
2015-04-14 16:56:02.187+0000 INFO  [o.n.k.i.DiagnosticsManager]:  [classpath + loader.0] file:/Users/Vincent/Downloads/neo4j-community-2.1.7/system/lib/jetty-server-9.0.5.v20130815.jar
2015-04-14 16:56:02.187+0000 INFO  [o.n.k.i.DiagnosticsManager]:  [classpath + loader.0] file:/Users/Vincent/Downloads/neo4j-community-2.1.7/system/lib/jetty-security-9.0.5.v20130815.jar
2015-04-14 16:56:02.187+0000 INFO  [o.n.k.i.DiagnosticsManager]:  [classpath + loader.0] file:/Users/Vincent/Downloads/neo4j-community-2.1.7/lib/neo4j-graph-algo-2.1.7.jar
2015-04-14 16:56:02.187+0000 INFO  [o.n.k.i.DiagnosticsManager]:  [loader.1] file:/System/Library/Java/Extensions/libJ3DAudio.jnilib
2015-04-14 16:56:02.187+0000 INFO  [o.n.k.i.DiagnosticsManager]:  [loader.1] file:/System/Library/Java/Extensions/libAppleScriptEngine.jnilib
2015-04-14 16:56:02.187+0000 INFO  [o.n.k.i.DiagnosticsManager]:  [classpath + loader.0] file:/Users/Vincent/Downloads/neo4j-community-2.1.7/system/lib/jetty-io-9.0.5.v20130815.jar
2015-04-14 16:56:02.187+0000 INFO  [o.n.k.i.DiagnosticsManager]:  [classpath + loader.0] file:/Users/Vincent/Downloads/neo4j-community-2.1.7/lib/neo4j-graph-matching-2.1.7.jar
2015-04-14 16:56:02.187+0000 INFO  [o.n.k.i.DiagnosticsManager]:  [loader.1] file:/System/Library/Java/Extensions/j3daudio.jar
2015-04-14 16:56:02.187+0000 INFO  [o.n.k.i.DiagnosticsManager]:  [classpath + loader.0] file:/Users/Vincent/Downloads/neo4j-community-2.1.7/system/lib/jetty-xml-9.0.5.v20130815.jar
2015-04-14 16:56:02.187+0000 INFO  [o.n.k.i.DiagnosticsManager]:  [loader.1] file:/System/Library/Java/Extensions/libJ3DUtils.jnilib
2015-04-14 16:56:02.187+0000 INFO  [o.n.k.i.DiagnosticsManager]:  [classpath + loader.0] file:/Users/Vincent/Downloads/neo4j-community-2.1.7/lib/neo4j-primitive-collections-2.1.7.jar
2015-04-14 16:56:02.187+0000 INFO  [o.n.k.i.DiagnosticsManager]:  [classpath + loader.0] file:/Users/Vincent/Downloads/neo4j-community-2.1.7/system/lib/jetty-http-9.0.5.v20130815.jar
2015-04-14 16:56:02.187+0000 INFO  [o.n.k.i.DiagnosticsManager]:  [loader.1] file:/System/Library/Java/Extensions/j3dcore.jar
2015-04-14 16:56:02.187+0000 INFO  [o.n.k.i.DiagnosticsManager]:  [classpath + loader.0] file:/Users/Vincent/Downloads/neo4j-community-2.1.7/system/lib/jersey-multipart-1.9.jar
2015-04-14 16:56:02.187+0000 INFO  [o.n.k.i.DiagnosticsManager]:  [classpath + loader.0] file:/Users/Vincent/Downloads/neo4j-community-2.1.7/lib/parboiled-core-1.1.6.jar
2015-04-14 16:56:02.187+0000 INFO  [o.n.k.i.DiagnosticsManager]:  [classpath + loader.0] file:/Users/Vincent/Downloads/neo4j-community-2.1.7/system/lib/commons-logging-1.1.1.jar
2015-04-14 16:56:02.187+0000 INFO  [o.n.k.i.DiagnosticsManager]:  [classpath + loader.0] file:/Users/Vincent/Downloads/neo4j-community-2.1.7/system/lib/commons-io-1.4.jar
2015-04-14 16:56:02.187+0000 INFO  [o.n.k.i.DiagnosticsManager]:  [classpath + loader.0] file:/Users/Vincent/Downloads/neo4j-community-2.1.7/lib/neo4j-lucene-index-2.1.7.jar
2015-04-14 16:56:02.187+0000 INFO  [o.n.k.i.DiagnosticsManager]:  [loader.1] file:/usr/lib/java/libjdns_sd.jnilib
2015-04-14 16:56:02.187+0000 INFO  [o.n.k.i.DiagnosticsManager]:  [classpath + loader.0] file:/Users/Vincent/Downloads/neo4j-community-2.1.7/lib/org.apache.servicemix.bundles.jline-0.9.94_1.jar
2015-04-14 16:56:02.188+0000 INFO  [o.n.k.i.DiagnosticsManager]:  [classpath + loader.0] file:/Users/Vincent/Downloads/neo4j-community-2.1.7/lib/neo4j-cypher-2.1.7.jar
2015-04-14 16:56:02.188+0000 INFO  [o.n.k.i.DiagnosticsManager]:  [classpath + loader.0] file:/Users/Vincent/Downloads/neo4j-community-2.1.7/system/lib/commons-compiler-2.6.1.jar
2015-04-14 16:56:02.188+0000 INFO  [o.n.k.i.DiagnosticsManager]:  [loader.1] file:/System/Library/Java/Extensions/j3dutils.jar
2015-04-14 16:56:02.188+0000 INFO  [o.n.k.i.DiagnosticsManager]:  [loader.1] file:/System/Library/Java/Extensions/jai_core.jar
2015-04-14 16:56:02.188+0000 INFO  [o.n.k.i.DiagnosticsManager]:  [bootstrap] /Library/Java/JavaVirtualMachines/jdk1.7.0_67.jdk/Contents/Home/jre/lib/jsse.jar
2015-04-14 16:56:02.188+0000 INFO  [o.n.k.i.DiagnosticsManager]:  [classpath + loader.0] file:/Users/Vincent/Downloads/neo4j-community-2.1.7/system/lib/asm-3.1.jar
2015-04-14 16:56:02.188+0000 INFO  [o.n.k.i.DiagnosticsManager]:  [classpath + loader.0] file:/Users/Vincent/Downloads/neo4j-community-2.1.7/system/lib/commons-beanutils-1.8.0.jar
2015-04-14 16:56:02.188+0000 INFO  [o.n.k.i.DiagnosticsManager]:  [loader.1] file:/System/Library/Java/Extensions/jai_codec.jar
2015-04-14 16:56:02.188+0000 INFO  [o.n.k.i.DiagnosticsManager]:  [classpath + loader.0] file:/Users/Vincent/Downloads/neo4j-community-2.1.7/system/lib/logback-classic-1.1.2.jar
2015-04-14 16:56:02.188+0000 INFO  [o.n.k.i.DiagnosticsManager]:  [classpath + loader.0] file:/Users/Vincent/Downloads/neo4j-community-2.1.7/lib/server-api-2.1.7.jar
2015-04-14 16:56:02.188+0000 INFO  [o.n.k.i.DiagnosticsManager]:  [classpath + loader.0] file:/Users/Vincent/Downloads/neo4j-community-2.1.7/lib/neo4j-cypher-commons-2.1.7.jar
2015-04-14 16:56:02.188+0000 INFO  [o.n.k.i.DiagnosticsManager]:  [classpath + loader.0] file:/Users/Vincent/Downloads/neo4j-community-2.1.7/system/lib/jsr311-api-1.1.2.r612.jar
2015-04-14 16:56:02.188+0000 INFO  [o.n.k.i.DiagnosticsManager]:  [classpath + loader.0] file:/Users/Vincent/Downloads/neo4j-community-2.1.7/lib/neo4j-cypher-compiler-2.1-2.1.7.jar
2015-04-14 16:56:02.188+0000 INFO  [o.n.k.i.DiagnosticsManager]:  [loader.1] file:/Library/Java/JavaVirtualMachines/jdk1.7.0_67.jdk/Contents/Home/jre/lib/ext/zipfs.jar
2015-04-14 16:56:02.188+0000 INFO  [o.n.k.i.DiagnosticsManager]:  [classpath + loader.0] file:/Users/Vincent/Downloads/neo4j-community-2.1.7/system/lib/commons-beanutils-core-1.8.0.jar
2015-04-14 16:56:02.188+0000 INFO  [o.n.k.i.DiagnosticsManager]:  [classpath + loader.0] file:/Users/Vincent/Downloads/neo4j-community-2.1.7/lib/neo4j-udc-2.1.7.jar
2015-04-14 16:56:02.188+0000 INFO  [o.n.k.i.DiagnosticsManager]:  [bootstrap] /Library/Java/JavaVirtualMachines/jdk1.7.0_67.jdk/Contents/Home/jre/lib/charsets.jar
2015-04-14 16:56:02.188+0000 INFO  [o.n.k.i.DiagnosticsManager]:  [classpath + loader.0] file:/Users/Vincent/Downloads/neo4j-community-2.1.7/system/lib/jersey-server-1.9.jar
2015-04-14 16:56:02.188+0000 INFO  [o.n.k.i.DiagnosticsManager]:  [classpath + loader.0] file:/Users/Vincent/Downloads/neo4j-community-2.1.7/system/lib/bcprov-jdk16-140.jar
2015-04-14 16:56:02.188+0000 INFO  [o.n.k.i.DiagnosticsManager]:  [classpath + loader.0] file:/Users/Vincent/Downloads/neo4j-community-2.1.7/lib/neo4j-cypher-compiler-1.9-2.0.3.jar
2015-04-14 16:56:02.188+0000 INFO  [o.n.k.i.DiagnosticsManager]:  [bootstrap] /Library/Java/JavaVirtualMachines/jdk1.7.0_67.jdk/Contents/Home/jre/lib/resources.jar
2015-04-14 16:56:02.188+0000 INFO  [o.n.k.i.DiagnosticsManager]:  [classpath + loader.0] file:/Users/Vincent/Downloads/neo4j-community-2.1.7/lib/lucene-core-3.6.2.jar
2015-04-14 16:56:02.188+0000 INFO  [o.n.k.i.DiagnosticsManager]:  [loader.1] file:/Library/Java/JavaVirtualMachines/jdk1.7.0_67.jdk/Contents/Home/jre/lib/ext/localedata.jar
2015-04-14 16:56:02.188+0000 INFO  [o.n.k.i.DiagnosticsManager]:  [classpath + loader.0] file:/Users/Vincent/Downloads/neo4j-community-2.1.7/system/lib/neo4j-browser-2.1.7.jar
2015-04-14 16:56:02.188+0000 INFO  [o.n.k.i.DiagnosticsManager]:  [classpath + loader.0] file:/Users/Vincent/Downloads/neo4j-community-2.1.7/system/lib/janino-2.6.1.jar
2015-04-14 16:56:02.188+0000 INFO  [o.n.k.i.DiagnosticsManager]:  [classpath + loader.0] file:/Users/Vincent/Downloads/neo4j-community-2.1.7/system/lib/logback-core-1.1.2.jar
2015-04-14 16:56:02.188+0000 INFO  [o.n.k.i.DiagnosticsManager]:  [bootstrap] /Library/Java/JavaVirtualMachines/jdk1.7.0_67.jdk/Contents/Home/jre/lib/sunrsasign.jar
2015-04-14 16:56:02.188+0000 INFO  [o.n.k.i.DiagnosticsManager]:  [classpath + loader.0] file:/Users/Vincent/Downloads/neo4j-community-2.1.7/system/lib/jcl-over-slf4j-1.6.1.jar
2015-04-14 16:56:02.189+0000 INFO  [o.n.k.i.DiagnosticsManager]:  [bootstrap] /Library/Java/JavaVirtualMachines/jdk1.7.0_67.jdk/Contents/Home/jre/classes
2015-04-14 16:56:02.189+0000 INFO  [o.n.k.i.DiagnosticsManager]:  [classpath + loader.0] file:/Users/Vincent/Downloads/neo4j-community-2.1.7/system/lib/jetty-servlet-9.0.5.v20130815.jar
2015-04-14 16:56:02.189+0000 INFO  [o.n.k.i.DiagnosticsManager]:  [classpath + loader.0] file:/Users/Vincent/Downloads/neo4j-community-2.1.7/system/lib/jackson-jaxrs-1.9.7.jar
2015-04-14 16:56:02.189+0000 INFO  [o.n.k.i.DiagnosticsManager]:  [classpath + loader.0] file:/Users/Vincent/Downloads/neo4j-community-2.1.7/system/lib/rhino-1.7R4.jar
2015-04-14 16:56:02.189+0000 INFO  [o.n.k.i.DiagnosticsManager]:  [classpath + loader.0] file:/Users/Vincent/Downloads/neo4j-community-2.1.7/system/lib/neo4j-server-2.1.7-static-web.jar
2015-04-14 16:56:02.189+0000 INFO  [o.n.k.i.DiagnosticsManager]:  [classpath + loader.0] file:/Users/Vincent/Downloads/neo4j-community-2.1.7/lib/geronimo-jta_1.1_spec-1.1.1.jar
2015-04-14 16:56:02.189+0000 INFO  [o.n.k.i.DiagnosticsManager]:  [classpath + loader.0] file:/Users/Vincent/Downloads/neo4j-community-2.1.7/conf/
2015-04-14 16:56:02.189+0000 INFO  [o.n.k.i.DiagnosticsManager]:  [classpath + loader.0] file:/Users/Vincent/Downloads/neo4j-community-2.1.7/system/lib/jetty-webapp-9.0.5.v20130815.jar
2015-04-14 16:56:02.189+0000 INFO  [o.n.k.i.DiagnosticsManager]:  [classpath + loader.0] file:/Users/Vincent/Downloads/neo4j-community-2.1.7/system/lib/rrd4j-2.0.7.jar
2015-04-14 16:56:02.189+0000 INFO  [o.n.k.i.DiagnosticsManager]:  [classpath + loader.0] file:/Users/Vincent/Downloads/neo4j-community-2.1.7/system/lib/javax.servlet-3.0.0.v201112011016.jar
2015-04-14 16:56:02.189+0000 INFO  [o.n.k.i.DiagnosticsManager]:  [classpath + loader.0] file:/Users/Vincent/Downloads/neo4j-community-2.1.7/lib/concurrentlinkedhashmap-lru-1.3.1.jar
2015-04-14 16:56:02.189+0000 INFO  [o.n.k.i.DiagnosticsManager]:  [loader.1] file:/System/Library/Java/Extensions/AppleScriptEngine.jar
2015-04-14 16:56:02.189+0000 INFO  [o.n.k.i.DiagnosticsManager]:  [bootstrap] /Library/Java/JavaVirtualMachines/jdk1.7.0_67.jdk/Contents/Home/jre/lib/jfr.jar
2015-04-14 16:56:02.189+0000 INFO  [o.n.k.i.DiagnosticsManager]:  [classpath + loader.0] file:/Users/Vincent/Downloads/neo4j-community-2.1.7/system/lib/mimepull-1.6.jar
2015-04-14 16:56:02.189+0000 INFO  [o.n.k.i.DiagnosticsManager]:  [classpath + loader.0] file:/Users/Vincent/Downloads/neo4j-community-2.1.7/system/lib/commons-configuration-1.6.jar
2015-04-14 16:56:02.189+0000 INFO  [o.n.k.i.DiagnosticsManager]:  [classpath + loader.0] file:/Users/Vincent/Downloads/neo4j-community-2.1.7/lib/neo4j-jmx-2.1.7.jar
2015-04-14 16:56:02.189+0000 INFO  [o.n.k.i.DiagnosticsManager]:  [loader.1] file:/Library/Java/JavaVirtualMachines/jdk1.7.0_67.jdk/Contents/Home/jre/lib/ext/sunpkcs11.jar
2015-04-14 16:56:02.189+0000 INFO  [o.n.k.i.DiagnosticsManager]: Library path:
2015-04-14 16:56:02.189+0000 INFO  [o.n.k.i.DiagnosticsManager]: /Users/Vincent/Library/Java/Extensions
2015-04-14 16:56:02.189+0000 INFO  [o.n.k.i.DiagnosticsManager]: /Library/Java/Extensions
2015-04-14 16:56:02.190+0000 INFO  [o.n.k.i.DiagnosticsManager]: /Network/Library/Java/Extensions
2015-04-14 16:56:02.190+0000 INFO  [o.n.k.i.DiagnosticsManager]: /System/Library/Java/Extensions
2015-04-14 16:56:02.190+0000 INFO  [o.n.k.i.DiagnosticsManager]: /usr/lib/java
2015-04-14 16:56:02.190+0000 INFO  [o.n.k.i.DiagnosticsManager]: /Users/Vincent/Downloads/neo4j-community-2.1.7
2015-04-14 16:56:02.190+0000 INFO  [o.n.k.i.DiagnosticsManager]: System.properties:
2015-04-14 16:56:02.190+0000 INFO  [o.n.k.i.DiagnosticsManager]: sun.boot.library.path = /Library/Java/JavaVirtualMachines/jdk1.7.0_67.jdk/Contents/Home/jre/lib
2015-04-14 16:56:02.190+0000 INFO  [o.n.k.i.DiagnosticsManager]: org.neo4j.server.properties = conf/neo4j-server.properties
2015-04-14 16:56:02.190+0000 INFO  [o.n.k.i.DiagnosticsManager]: gopherProxySet = false
2015-04-14 16:56:02.190+0000 INFO  [o.n.k.i.DiagnosticsManager]: path.separator = :
2015-04-14 16:56:02.190+0000 INFO  [o.n.k.i.DiagnosticsManager]: file.encoding.pkg = sun.io
2015-04-14 16:56:02.190+0000 INFO  [o.n.k.i.DiagnosticsManager]: user.country = CN
2015-04-14 16:56:02.190+0000 INFO  [o.n.k.i.DiagnosticsManager]: sun.java.launcher = SUN_STANDARD
2015-04-14 16:56:02.190+0000 INFO  [o.n.k.i.DiagnosticsManager]: sun.os.patch.level = unknown
2015-04-14 16:56:02.190+0000 INFO  [o.n.k.i.DiagnosticsManager]: user.dir = /Users/Vincent/Downloads/neo4j-community-2.1.7
2015-04-14 16:56:02.190+0000 INFO  [o.n.k.i.DiagnosticsManager]: log4j.configuration = file:conf/log4j.properties
2015-04-14 16:56:02.190+0000 INFO  [o.n.k.i.DiagnosticsManager]: sun.jnu.encoding = UTF-8
2015-04-14 16:56:02.190+0000 INFO  [o.n.k.i.DiagnosticsManager]: sun.management.compiler = HotSpot 64-Bit Tiered Compilers
2015-04-14 16:56:02.190+0000 INFO  [o.n.k.i.DiagnosticsManager]: user.home = /Users/Vincent
2015-04-14 16:56:02.191+0000 INFO  [o.n.k.i.DiagnosticsManager]: user.timezone = America/New_York
2015-04-14 16:56:02.191+0000 INFO  [o.n.k.i.DiagnosticsManager]: file.encoding = UTF-8
2015-04-14 16:56:02.191+0000 INFO  [o.n.k.i.DiagnosticsManager]: user.name = Vincent
2015-04-14 16:56:02.191+0000 INFO  [o.n.k.i.DiagnosticsManager]: sun.java.command = org.neo4j.server.Bootstrapper
2015-04-14 16:56:02.191+0000 INFO  [o.n.k.i.DiagnosticsManager]: sun.arch.data.model = 64
2015-04-14 16:56:02.191+0000 INFO  [o.n.k.i.DiagnosticsManager]: user.language = zh
2015-04-14 16:56:02.191+0000 INFO  [o.n.k.i.DiagnosticsManager]: awt.toolkit = sun.lwawt.macosx.LWCToolkit
2015-04-14 16:56:02.191+0000 INFO  [o.n.k.i.DiagnosticsManager]: file.separator = /
2015-04-14 16:56:02.191+0000 INFO  [o.n.k.i.DiagnosticsManager]: sun.io.unicode.encoding = UnicodeBig
2015-04-14 16:56:02.191+0000 INFO  [o.n.k.i.DiagnosticsManager]: sun.cpu.endian = little
2015-04-14 16:56:02.191+0000 INFO  [o.n.k.i.DiagnosticsManager]: neo4j.instance = /Users/Vincent/Downloads/neo4j-community-2.1.7
2015-04-14 16:56:02.191+0000 INFO  [o.n.k.i.DiagnosticsManager]: neo4j.home = /Users/Vincent/Downloads/neo4j-community-2.1.7
2015-04-14 16:56:02.191+0000 INFO  [o.n.k.i.DiagnosticsManager]: sun.cpu.isalist = 
2015-04-14 16:56:02.191+0000 INFO  [o.n.k.i.DiagnosticsManager]: Network information:
2015-04-14 16:56:02.195+0000 INFO  [o.n.k.i.DiagnosticsManager]: Interface awdl0:
2015-04-14 16:56:02.195+0000 INFO  [o.n.k.i.DiagnosticsManager]:     address: fe80:0:0:0:9c52:ccff:fe76:4020%9
2015-04-14 16:56:02.196+0000 INFO  [o.n.k.i.DiagnosticsManager]: Interface en0:
2015-04-14 16:56:02.196+0000 INFO  [o.n.k.i.DiagnosticsManager]:     address: fe80:0:0:0:bae8:56ff:fe47:5ad4%4
2015-04-14 16:56:02.197+0000 INFO  [o.n.k.i.DiagnosticsManager]:     address: 128.146.165.97
2015-04-14 16:56:02.197+0000 INFO  [o.n.k.i.DiagnosticsManager]: Interface lo0:
2015-04-14 16:56:02.197+0000 INFO  [o.n.k.i.DiagnosticsManager]:     address: fe80:0:0:0:0:0:0:1%1
2015-04-14 16:56:02.197+0000 INFO  [o.n.k.i.DiagnosticsManager]:     address: 0:0:0:0:0:0:0:1
2015-04-14 16:56:02.197+0000 INFO  [o.n.k.i.DiagnosticsManager]:     address: 127.0.0.1
2015-04-14 16:56:02.197+0000 INFO  [o.n.k.i.DiagnosticsManager]: --- INITIALIZED diagnostics END ---
2015-04-14 16:56:02.325+0000 INFO  [o.n.k.i.n.s.StoreFactory]: [/Users/Vincent/Desktop/weiboAnalysis/SinaMaven/neo4j-friend5.0-db/neostore.relationshiptypestore.db.names] brickCount=0 brickSize=0b mappedMem=0b (storeSize=190b)
2015-04-14 16:56:02.326+0000 INFO  [o.n.k.i.n.s.StoreFactory]: [/Users/Vincent/Desktop/weiboAnalysis/SinaMaven/neo4j-friend5.0-db/neostore.relationshiptypestore.db] brickCount=0 brickSize=0b mappedMem=0b (storeSize=20b)
2015-04-14 16:56:02.326+0000 INFO  [o.n.k.i.n.s.StoreFactory]: [/Users/Vincent/Desktop/weiboAnalysis/SinaMaven/neo4j-friend5.0-db/neostore.labeltokenstore.db.names] brickCount=0 brickSize=0b mappedMem=0b (storeSize=38b)
2015-04-14 16:56:02.327+0000 INFO  [o.n.k.i.n.s.StoreFactory]: [/Users/Vincent/Desktop/weiboAnalysis/SinaMaven/neo4j-friend5.0-db/neostore.labeltokenstore.db] brickCount=0 brickSize=0b mappedMem=0b (storeSize=0b)
2015-04-14 16:56:02.327+0000 INFO  [o.n.k.i.n.s.StoreFactory]: [/Users/Vincent/Desktop/weiboAnalysis/SinaMaven/neo4j-friend5.0-db/neostore.propertystore.db.strings] brickCount=0 brickSize=509568b mappedMem=509607936b (storeSize=640b)
2015-04-14 16:56:02.328+0000 INFO  [o.n.k.i.n.s.StoreFactory]: [/Users/Vincent/Desktop/weiboAnalysis/SinaMaven/neo4j-friend5.0-db/neostore.propertystore.db.index.keys] brickCount=0 brickSize=0b mappedMem=0b (storeSize=190b)
2015-04-14 16:56:02.328+0000 INFO  [o.n.k.i.n.s.StoreFactory]: [/Users/Vincent/Desktop/weiboAnalysis/SinaMaven/neo4j-friend5.0-db/neostore.propertystore.db.index] brickCount=0 brickSize=0b mappedMem=0b (storeSize=36b)
2015-04-14 16:56:02.329+0000 INFO  [o.n.k.i.n.s.StoreFactory]: [/Users/Vincent/Desktop/weiboAnalysis/SinaMaven/neo4j-friend5.0-db/neostore.propertystore.db.arrays] brickCount=0 brickSize=594432b mappedMem=594542592b (storeSize=128b)
2015-04-14 16:56:02.342+0000 INFO  [o.n.k.i.n.s.StoreFactory]: [/Users/Vincent/Desktop/weiboAnalysis/SinaMaven/neo4j-friend5.0-db/neostore.propertystore.db] brickCount=0 brickSize=581954b mappedMem=581959680b (storeSize=3854b)
2015-04-14 16:56:02.345+0000 INFO  [o.n.k.i.n.s.StoreFactory]: [/Users/Vincent/Desktop/weiboAnalysis/SinaMaven/neo4j-friend5.0-db/neostore.relationshipstore.db] brickCount=0 brickSize=687854b mappedMem=687865856b (storeSize=1904b)
2015-04-14 16:56:02.345+0000 INFO  [o.n.k.i.n.s.StoreFactory]: [/Users/Vincent/Desktop/weiboAnalysis/SinaMaven/neo4j-friend5.0-db/neostore.nodestore.db.labels] brickCount=0 brickSize=0b mappedMem=0b (storeSize=68b)
2015-04-14 16:56:02.347+0000 INFO  [o.n.k.i.n.s.StoreFactory]: [/Users/Vincent/Desktop/weiboAnalysis/SinaMaven/neo4j-friend5.0-db/neostore.nodestore.db] brickCount=0 brickSize=160425b mappedMem=160432128b (storeSize=570b)
2015-04-14 16:56:02.348+0000 INFO  [o.n.k.i.n.s.StoreFactory]: [/Users/Vincent/Desktop/weiboAnalysis/SinaMaven/neo4j-friend5.0-db/neostore.schemastore.db] brickCount=0 brickSize=0b mappedMem=0b (storeSize=64b)
2015-04-14 16:56:02.349+0000 INFO  [o.n.k.i.n.s.StoreFactory]: [/Users/Vincent/Desktop/weiboAnalysis/SinaMaven/neo4j-friend5.0-db/neostore.relationshipgroupstore.db] brickCount=0 brickSize=0b mappedMem=0b (storeSize=25b)
2015-04-14 16:56:02.350+0000 INFO  [o.n.k.i.n.s.StoreFactory]: [/Users/Vincent/Desktop/weiboAnalysis/SinaMaven/neo4j-friend5.0-db/neostore] brickCount=0 brickSize=0b mappedMem=0b (storeSize=81b)
2015-04-14 16:56:02.529+0000 INFO  [o.n.k.i.t.x.XaLogicalLog]: Opened logical log [/Users/Vincent/Desktop/weiboAnalysis/SinaMaven/neo4j-friend5.0-db/nioneo_logical.log.1] version=1, lastTxId=145 (clean)
2015-04-14 16:56:02.560+0000 INFO  [o.n.k.i.t.TxManager]: TM opening log: /Users/Vincent/Desktop/weiboAnalysis/SinaMaven/neo4j-friend5.0-db/tm_tx_log.1
2015-04-14 16:56:02.569+0000 INFO  [o.n.k.i.t.KernelHealth]: Kernel health set to OK
2015-04-14 16:56:02.667+0000 INFO  [o.n.k.i.t.x.XaLogicalLog]: Opened logical log [/Users/Vincent/Desktop/weiboAnalysis/SinaMaven/neo4j-friend5.0-db/index/lucene.log.1] version=1, lastTxId=1 (clean)
2015-04-14 16:56:02.672+0000 INFO  [o.n.k.i.DiagnosticsManager]: --- STARTED diagnostics for KernelDiagnostics:Versions START ---
2015-04-14 16:56:02.672+0000 INFO  [o.n.k.i.DiagnosticsManager]: Graph Database: org.neo4j.kernel.EmbeddedGraphDatabase StoreId{creationTime=1429027338400, randomId=-518599189401536674, storeVersion=14406081294923270, upgradeTime=1429027338400, upgradeId=-518599189401536674}
2015-04-14 16:56:02.672+0000 INFO  [o.n.k.i.DiagnosticsManager]: Kernel version: Neo4j - Graph Database Kernel (neo4j-kernel), version: 2.1.7
2015-04-14 16:56:02.672+0000 INFO  [o.n.k.i.DiagnosticsManager]: Neo4j component versions:
2015-04-14 16:56:02.678+0000 INFO  [o.n.k.i.DiagnosticsManager]:   Neo4j - Lucene Index (neo4j-lucene-index), version: 2.1.7; revision: 2.1.7:2.1-maint:649/ed233fc1087f4549d1956b8ec4a504fe2f13a446
2015-04-14 16:56:02.678+0000 INFO  [o.n.k.i.DiagnosticsManager]:   Neo4j - JMX support (neo4j-jmx), version: 2.1.7; revision: 2.1.7:2.1-maint:649/ed233fc1087f4549d1956b8ec4a504fe2f13a446
2015-04-14 16:56:02.678+0000 INFO  [o.n.k.i.DiagnosticsManager]:   Neo4j - Graph Matching (neo4j-graph-matching), version: 2.1.7; revision: 2.1.7:2.1-maint:649/ed233fc1087f4549d1956b8ec4a504fe2f13a446
2015-04-14 16:56:02.679+0000 INFO  [o.n.k.i.DiagnosticsManager]:   Neo4j - Cypher Compiler 2.1 (neo4j-cypher-compiler-2.1), version: 2.1.7; revision: 2.1.7:2.1-maint:649/ed233fc1087f4549d1956b8ec4a504fe2f13a446
2015-04-14 16:56:02.679+0000 INFO  [o.n.k.i.DiagnosticsManager]:   Neo4j Server API (server-api), version: 2.1.7; revision: 2.1.7:2.1-maint:649/ed233fc1087f4549d1956b8ec4a504fe2f13a446
2015-04-14 16:56:02.679+0000 INFO  [o.n.k.i.DiagnosticsManager]:   Neo4j - Graph Database Kernel (neo4j-kernel), version: 2.1.7; revision: 2.1.7:2.1-maint:649/ed233fc1087f4549d1956b8ec4a504fe2f13a446
2015-04-14 16:56:02.679+0000 INFO  [o.n.k.i.DiagnosticsManager]:   Neo4j - Cypher (neo4j-cypher), version: 2.1.7; revision: 2.1.7:2.1-maint:649/ed233fc1087f4549d1956b8ec4a504fe2f13a446
2015-04-14 16:56:02.679+0000 INFO  [o.n.k.i.DiagnosticsManager]:   Neo4j Server (neo4j-server), version: 2.1.7; revision: 2.1.7:2.1-maint:649/ed233fc1087f4549d1956b8ec4a504fe2f13a446
2015-04-14 16:56:02.679+0000 INFO  [o.n.k.i.DiagnosticsManager]:   Neo4j - Graph Algorithms (neo4j-graph-algo), version: 2.1.7; revision: 2.1.7:2.1-maint:649/ed233fc1087f4549d1956b8ec4a504fe2f13a446
2015-04-14 16:56:02.679+0000 INFO  [o.n.k.i.DiagnosticsManager]:   Neo4j - Cypher Compiler 2.0 (neo4j-cypher-compiler-2.0), version: 2.0.3; revision: 2.0.3:2.0-maint:72/307c563c11b75fdc71cfa6df05daf9b08d6c37dc
2015-04-14 16:56:02.679+0000 INFO  [o.n.k.i.DiagnosticsManager]:   Neo4j - Generic shell (neo4j-shell), version: 2.1.7; revision: 2.1.7:2.1-maint:649/ed233fc1087f4549d1956b8ec4a504fe2f13a446
2015-04-14 16:56:02.680+0000 INFO  [o.n.k.i.DiagnosticsManager]:   Neo4j - Cypher Compiler 1.9 (neo4j-cypher-compiler-1.9), version: 2.0.3; revision: 2.0.3:2.0-maint:72/307c563c11b75fdc71cfa6df05daf9b08d6c37dc
2015-04-14 16:56:02.680+0000 INFO  [o.n.k.i.DiagnosticsManager]:   neo4j-udc, version: 2.1.7; revision: 2.1.7:2.1-maint:649/ed233fc1087f4549d1956b8ec4a504fe2f13a446
2015-04-14 16:56:02.680+0000 INFO  [o.n.k.i.DiagnosticsManager]:   Neo4j - Cypher Commons (neo4j-cypher-commons), version: 2.1.7; revision: 2.1.7:2.1-maint:649/ed233fc1087f4549d1956b8ec4a504fe2f13a446
2015-04-14 16:56:02.680+0000 INFO  [o.n.k.i.DiagnosticsManager]: --- STARTED diagnostics for KernelDiagnostics:Versions END ---
2015-04-14 16:56:02.683+0000 INFO  [o.n.k.i.DiagnosticsManager]: --- STARTED diagnostics for NEO_STORE_VERSIONS START ---
2015-04-14 16:56:02.683+0000 INFO  [o.n.k.i.DiagnosticsManager]: Store versions:
2015-04-14 16:56:02.684+0000 INFO  [o.n.k.i.DiagnosticsManager]: Store versions:
2015-04-14 16:56:02.684+0000 INFO  [o.n.k.i.DiagnosticsManager]:   NeoStore v0.A.3
2015-04-14 16:56:02.684+0000 INFO  [o.n.k.i.DiagnosticsManager]:   SchemaStore v0.A.3
2015-04-14 16:56:02.684+0000 INFO  [o.n.k.i.DiagnosticsManager]:   NodeStore v0.A.3
2015-04-14 16:56:02.684+0000 INFO  [o.n.k.i.DiagnosticsManager]:   RelationshipStore v0.A.3
2015-04-14 16:56:02.684+0000 INFO  [o.n.k.i.DiagnosticsManager]:   RelationshipTypeStore v0.A.3
2015-04-14 16:56:02.684+0000 INFO  [o.n.k.i.DiagnosticsManager]:   LabelTokenStore v0.A.3
2015-04-14 16:56:02.684+0000 INFO  [o.n.k.i.DiagnosticsManager]:   PropertyStore v0.A.3
2015-04-14 16:56:02.684+0000 INFO  [o.n.k.i.DiagnosticsManager]:   PropertyIndexStore v0.A.3
2015-04-14 16:56:02.684+0000 INFO  [o.n.k.i.DiagnosticsManager]:   StringPropertyStore v0.A.3
2015-04-14 16:56:02.684+0000 INFO  [o.n.k.i.DiagnosticsManager]:   ArrayPropertyStore v0.A.3
2015-04-14 16:56:02.684+0000 INFO  [o.n.k.i.DiagnosticsManager]:   RelationshipGroupStore v0.A.3
2015-04-14 16:56:02.684+0000 INFO  [o.n.k.i.DiagnosticsManager]: --- STARTED diagnostics for NEO_STORE_VERSIONS END ---
2015-04-14 16:56:02.684+0000 INFO  [o.n.k.i.DiagnosticsManager]: --- STARTED diagnostics for NEO_STORE_ID_USAGE START ---
2015-04-14 16:56:02.684+0000 INFO  [o.n.k.i.DiagnosticsManager]: Id usage:
2015-04-14 16:56:02.684+0000 INFO  [o.n.k.i.DiagnosticsManager]: Id usage:
2015-04-14 16:56:02.685+0000 INFO  [o.n.k.i.DiagnosticsManager]:   SchemaStore: used=1 high=0
2015-04-14 16:56:02.685+0000 INFO  [o.n.k.i.DiagnosticsManager]:   NodeStore: used=38 high=37
2015-04-14 16:56:02.685+0000 INFO  [o.n.k.i.DiagnosticsManager]:   RelationshipStore: used=56 high=55
2015-04-14 16:56:02.685+0000 INFO  [o.n.k.i.DiagnosticsManager]:   RelationshipTypeStore: used=4 high=3
2015-04-14 16:56:02.685+0000 INFO  [o.n.k.i.DiagnosticsManager]:   LabelTokenStore: used=0 high=-1
2015-04-14 16:56:02.686+0000 INFO  [o.n.k.i.DiagnosticsManager]:   PropertyStore: used=94 high=93
2015-04-14 16:56:02.686+0000 INFO  [o.n.k.i.DiagnosticsManager]:   PropertyIndexStore: used=4 high=3
2015-04-14 16:56:02.686+0000 INFO  [o.n.k.i.DiagnosticsManager]:   StringPropertyStore: used=5 high=4
2015-04-14 16:56:02.686+0000 INFO  [o.n.k.i.DiagnosticsManager]:   ArrayPropertyStore: used=1 high=0
2015-04-14 16:56:02.686+0000 INFO  [o.n.k.i.DiagnosticsManager]:   RelationshipGroupStore: used=1 high=0
2015-04-14 16:56:02.686+0000 INFO  [o.n.k.i.DiagnosticsManager]: --- STARTED diagnostics for NEO_STORE_ID_USAGE END ---
2015-04-14 16:56:02.686+0000 INFO  [o.n.k.i.DiagnosticsManager]: --- STARTED diagnostics for PERSISTENCE_WINDOW_POOL_STATS START ---
2015-04-14 16:56:02.686+0000 INFO  [o.n.k.i.DiagnosticsManager]: --- STARTED diagnostics for PERSISTENCE_WINDOW_POOL_STATS END ---
2015-04-14 16:56:02.687+0000 INFO  [o.n.k.i.DiagnosticsManager]: --- STARTED diagnostics for KernelDiagnostics:StoreFiles START ---
2015-04-14 16:56:02.687+0000 INFO  [o.n.k.i.DiagnosticsManager]: Disk space on partition (Total / Free / Free %): 249787973632 / 24765063168 / 9
Storage files: (filename : modification date - size)
2015-04-14 16:56:02.688+0000 INFO  [o.n.k.i.DiagnosticsManager]:   active_tx_log: 2015-04-14T12:02:18-0400 - 11.00 B
2015-04-14 16:56:02.689+0000 INFO  [o.n.k.i.DiagnosticsManager]:   index:
2015-04-14 16:56:02.689+0000 INFO  [o.n.k.i.DiagnosticsManager]:     lucene-store.db: 2015-04-14T12:31:00-0400 - 40.00 B
2015-04-14 16:56:02.690+0000 INFO  [o.n.k.i.DiagnosticsManager]:     lucene.log.1: 2015-04-14T12:56:02-0400 - 16.00 B
2015-04-14 16:56:02.690+0000 INFO  [o.n.k.i.DiagnosticsManager]:     lucene.log.active: 2015-04-14T12:56:02-0400 - 4.00 B
2015-04-14 16:56:02.690+0000 INFO  [o.n.k.i.DiagnosticsManager]:     lucene.log.v0: 2015-04-14T12:31:00-0400 - 16.00 B
2015-04-14 16:56:02.691+0000 INFO  [o.n.k.i.DiagnosticsManager]:   - Total: 2015-04-14T12:56:02-0400 - 76.00 B
2015-04-14 16:56:02.691+0000 INFO  [o.n.k.i.DiagnosticsManager]:   lock: 2015-04-14T12:56:02-0400 - 0.00 B
2015-04-14 16:56:02.691+0000 INFO  [o.n.k.i.DiagnosticsManager]:   messages.log: 2015-04-14T12:56:02-0400 - 67.64 kB
2015-04-14 16:56:02.692+0000 INFO  [o.n.k.i.DiagnosticsManager]:   neostore: 2015-04-14T12:56:02-0400 - 81.00 B
2015-04-14 16:56:02.692+0000 INFO  [o.n.k.i.DiagnosticsManager]:   neostore.id: 2015-04-14T12:56:02-0400 - 9.00 B
2015-04-14 16:56:02.692+0000 INFO  [o.n.k.i.DiagnosticsManager]:   neostore.labeltokenstore.db: 2015-04-14T12:56:02-0400 - 0.00 B
2015-04-14 16:56:02.693+0000 INFO  [o.n.k.i.DiagnosticsManager]:   neostore.labeltokenstore.db.id: 2015-04-14T12:56:02-0400 - 9.00 B
2015-04-14 16:56:02.693+0000 INFO  [o.n.k.i.DiagnosticsManager]:   neostore.labeltokenstore.db.names: 2015-04-14T12:56:02-0400 - 38.00 B
2015-04-14 16:56:02.694+0000 INFO  [o.n.k.i.DiagnosticsManager]:   neostore.labeltokenstore.db.names.id: 2015-04-14T12:56:02-0400 - 9.00 B
2015-04-14 16:56:02.694+0000 INFO  [o.n.k.i.DiagnosticsManager]:   neostore.nodestore.db: 2015-04-14T12:56:02-0400 - 570.00 B
2015-04-14 16:56:02.694+0000 INFO  [o.n.k.i.DiagnosticsManager]:   neostore.nodestore.db.id: 2015-04-14T12:56:02-0400 - 9.00 B
2015-04-14 16:56:02.695+0000 INFO  [o.n.k.i.DiagnosticsManager]:   neostore.nodestore.db.labels: 2015-04-14T12:56:02-0400 - 68.00 B
2015-04-14 16:56:02.695+0000 INFO  [o.n.k.i.DiagnosticsManager]:   neostore.nodestore.db.labels.id: 2015-04-14T12:56:02-0400 - 9.00 B
2015-04-14 16:56:02.696+0000 INFO  [o.n.k.i.DiagnosticsManager]:   neostore.propertystore.db: 2015-04-14T12:56:02-0400 - 3.76 kB
2015-04-14 16:56:02.696+0000 INFO  [o.n.k.i.DiagnosticsManager]:   neostore.propertystore.db.arrays: 2015-04-14T12:56:02-0400 - 128.00 B
2015-04-14 16:56:02.696+0000 INFO  [o.n.k.i.DiagnosticsManager]:   neostore.propertystore.db.arrays.id: 2015-04-14T12:56:02-0400 - 9.00 B
2015-04-14 16:56:02.696+0000 INFO  [o.n.k.i.DiagnosticsManager]:   neostore.propertystore.db.id: 2015-04-14T12:56:02-0400 - 9.00 B
2015-04-14 16:56:02.697+0000 INFO  [o.n.k.i.DiagnosticsManager]:   neostore.propertystore.db.index: 2015-04-14T12:56:02-0400 - 36.00 B
2015-04-14 16:56:02.697+0000 INFO  [o.n.k.i.DiagnosticsManager]:   neostore.propertystore.db.index.id: 2015-04-14T12:56:02-0400 - 9.00 B
2015-04-14 16:56:02.697+0000 INFO  [o.n.k.i.DiagnosticsManager]:   neostore.propertystore.db.index.keys: 2015-04-14T12:56:02-0400 - 190.00 B
2015-04-14 16:56:02.697+0000 INFO  [o.n.k.i.DiagnosticsManager]:   neostore.propertystore.db.index.keys.id: 2015-04-14T12:56:02-0400 - 9.00 B
2015-04-14 16:56:02.698+0000 INFO  [o.n.k.i.DiagnosticsManager]:   neostore.propertystore.db.strings: 2015-04-14T12:56:02-0400 - 640.00 B
2015-04-14 16:56:02.698+0000 INFO  [o.n.k.i.DiagnosticsManager]:   neostore.propertystore.db.strings.id: 2015-04-14T12:56:02-0400 - 9.00 B
2015-04-14 16:56:02.698+0000 INFO  [o.n.k.i.DiagnosticsManager]:   neostore.relationshipgroupstore.db: 2015-04-14T12:56:02-0400 - 25.00 B
2015-04-14 16:56:02.698+0000 INFO  [o.n.k.i.DiagnosticsManager]:   neostore.relationshipgroupstore.db.id: 2015-04-14T12:56:02-0400 - 9.00 B
2015-04-14 16:56:02.699+0000 INFO  [o.n.k.i.DiagnosticsManager]:   neostore.relationshipstore.db: 2015-04-14T12:56:02-0400 - 1.86 kB
2015-04-14 16:56:02.699+0000 INFO  [o.n.k.i.DiagnosticsManager]:   neostore.relationshipstore.db.id: 2015-04-14T12:56:02-0400 - 161.00 B
2015-04-14 16:56:02.699+0000 INFO  [o.n.k.i.DiagnosticsManager]:   neostore.relationshiptypestore.db: 2015-04-14T12:56:02-0400 - 20.00 B
2015-04-14 16:56:02.699+0000 INFO  [o.n.k.i.DiagnosticsManager]:   neostore.relationshiptypestore.db.id: 2015-04-14T12:56:02-0400 - 9.00 B
2015-04-14 16:56:02.700+0000 INFO  [o.n.k.i.DiagnosticsManager]:   neostore.relationshiptypestore.db.names: 2015-04-14T12:56:02-0400 - 190.00 B
2015-04-14 16:56:02.700+0000 INFO  [o.n.k.i.DiagnosticsManager]:   neostore.relationshiptypestore.db.names.id: 2015-04-14T12:56:02-0400 - 9.00 B
2015-04-14 16:56:02.700+0000 INFO  [o.n.k.i.DiagnosticsManager]:   neostore.schemastore.db: 2015-04-14T12:56:02-0400 - 64.00 B
2015-04-14 16:56:02.700+0000 INFO  [o.n.k.i.DiagnosticsManager]:   neostore.schemastore.db.id: 2015-04-14T12:56:02-0400 - 9.00 B
2015-04-14 16:56:02.701+0000 INFO  [o.n.k.i.DiagnosticsManager]:   nioneo_logical.log.1: 2015-04-14T12:56:02-0400 - 16.00 B
2015-04-14 16:56:02.701+0000 INFO  [o.n.k.i.DiagnosticsManager]:   nioneo_logical.log.active: 2015-04-14T12:56:02-0400 - 4.00 B
2015-04-14 16:56:02.701+0000 INFO  [o.n.k.i.DiagnosticsManager]:   nioneo_logical.log.v0: 2015-04-14T12:31:00-0400 - 52.26 kB
2015-04-14 16:56:02.701+0000 INFO  [o.n.k.i.DiagnosticsManager]:   schema:
2015-04-14 16:56:02.701+0000 INFO  [o.n.k.i.DiagnosticsManager]:     label:
2015-04-14 16:56:02.701+0000 INFO  [o.n.k.i.DiagnosticsManager]:       lucene:
2015-04-14 16:56:02.702+0000 INFO  [o.n.k.i.DiagnosticsManager]:         segments.gen: 2015-04-14T12:31:00-0400 - 20.00 B
2015-04-14 16:56:02.702+0000 INFO  [o.n.k.i.DiagnosticsManager]:         segments_1: 2015-04-14T12:31:00-0400 - 32.00 B
2015-04-14 16:56:02.702+0000 INFO  [o.n.k.i.DiagnosticsManager]:         write.lock: 2015-04-14T12:56:02-0400 - 0.00 B
2015-04-14 16:56:02.703+0000 INFO  [o.n.k.i.DiagnosticsManager]:       - Total: 2015-04-14T12:56:02-0400 - 52.00 B
2015-04-14 16:56:02.703+0000 INFO  [o.n.k.i.DiagnosticsManager]:     - Total: 2015-04-14T12:02:18-0400 - 52.00 B
2015-04-14 16:56:02.703+0000 INFO  [o.n.k.i.DiagnosticsManager]:   - Total: 2015-04-14T12:02:18-0400 - 52.00 B
2015-04-14 16:56:02.704+0000 INFO  [o.n.k.i.DiagnosticsManager]:   store_lock: 2015-04-14T12:02:18-0400 - 0.00 B
2015-04-14 16:56:02.704+0000 INFO  [o.n.k.i.DiagnosticsManager]:   tm_tx_log.1: 2015-04-14T12:56:02-0400 - 0.00 B
2015-04-14 16:56:02.704+0000 INFO  [o.n.k.i.DiagnosticsManager]: --- STARTED diagnostics for KernelDiagnostics:StoreFiles END ---
2015-04-14 16:56:02.746+0000 INFO  [o.n.k.EmbeddedGraphDatabase]: Database is now ready
2015-04-14 16:56:03.202+0000 INFO  [o.n.s.d.LifecycleManagingDatabase]: Successfully started database
2015-04-14 16:56:03.202+0000 INFO  [o.n.k.i.DiagnosticsManager]: --- SERVER STARTED START ---
2015-04-14 16:56:03.277+0000 INFO  [o.n.s.CommunityNeoServer]: Starting HTTP on port :7474 with 40 threads available
2015-04-14 16:56:03.457+0000 INFO  [o.n.s.CommunityNeoServer]: Enabling HTTPS on port :7473
2015-04-14 16:56:03.520+0000 INFO  [o.n.k.i.DiagnosticsManager]: --- STARTED diagnostics for org.neo4j.server.configuration.Configurator START ---
2015-04-14 16:56:03.522+0000 INFO  [o.n.k.i.DiagnosticsManager]: Server configuration:
2015-04-14 16:56:03.522+0000 INFO  [o.n.k.i.DiagnosticsManager]: org.neo4j.server.database.location = /Users/Vincent/Desktop/weiboAnalysis/SinaMaven/neo4j-friend5.0-db
2015-04-14 16:56:03.522+0000 INFO  [o.n.k.i.DiagnosticsManager]: org.neo4j.server.webserver.port = 7474
2015-04-14 16:56:03.522+0000 INFO  [o.n.k.i.DiagnosticsManager]: org.neo4j.server.webserver.https.enabled = true
2015-04-14 16:56:03.522+0000 INFO  [o.n.k.i.DiagnosticsManager]: org.neo4j.server.webserver.https.port = 7473
2015-04-14 16:56:03.522+0000 INFO  [o.n.k.i.DiagnosticsManager]: org.neo4j.server.webserver.https.cert.location = conf/ssl/snakeoil.cert
2015-04-14 16:56:03.522+0000 INFO  [o.n.k.i.DiagnosticsManager]: org.neo4j.server.webserver.https.key.location = conf/ssl/snakeoil.key
2015-04-14 16:56:03.522+0000 INFO  [o.n.k.i.DiagnosticsManager]: org.neo4j.server.webserver.https.keystore.location = data/keystore
2015-04-14 16:56:03.522+0000 INFO  [o.n.k.i.DiagnosticsManager]: org.neo4j.server.webadmin.rrdb.location = data/rrd
2015-04-14 16:56:03.522+0000 INFO  [o.n.k.i.DiagnosticsManager]: org.neo4j.server.db.tuning.properties = conf/neo4j.properties
2015-04-14 16:56:03.522+0000 INFO  [o.n.k.i.DiagnosticsManager]: org.neo4j.server.manage.console_engines = shell
2015-04-14 16:56:03.522+0000 INFO  [o.n.k.i.DiagnosticsManager]: org.neo4j.server.http.log.enabled = false
2015-04-14 16:56:03.523+0000 INFO  [o.n.k.i.DiagnosticsManager]: org.neo4j.server.http.log.config = conf/neo4j-http-logging.xml
2015-04-14 16:56:03.523+0000 INFO  [o.n.k.i.DiagnosticsManager]: org.neo4j.server.webadmin.management.uri = /db/manage/
2015-04-14 16:56:03.523+0000 INFO  [o.n.k.i.DiagnosticsManager]: org.neo4j.server.webadmin.data.uri = /db/data/
2015-04-14 16:56:03.523+0000 INFO  [o.n.k.i.DiagnosticsManager]: --- STARTED diagnostics for org.neo4j.server.configuration.Configurator END ---
2015-04-14 16:56:03.535+0000 INFO  [o.n.s.m.DiscoveryModule]: Mounted discovery module at [/]
2015-04-14 16:56:03.542+0000 INFO  [o.n.s.m.RESTApiModule]: Mounted REST API at [/db/data/]
2015-04-14 16:56:03.544+0000 INFO  [o.n.s.m.ManagementApiModule]: Mounted management API at [/db/manage/]
2015-04-14 16:56:03.545+0000 INFO  [o.n.s.m.WebAdminModule]: Mounted webadmin at [/webadmin]
2015-04-14 16:56:03.545+0000 INFO  [o.n.s.m.Neo4jBrowserModule]: Mounted Neo4j Browser at [/browser]
2015-04-14 16:56:03.591+0000 INFO  [o.n.s.w.Jetty9WebServer]: Mounting static content at [/webadmin] from [webadmin-html]
2015-04-14 16:56:03.632+0000 INFO  [o.n.s.w.Jetty9WebServer]: Mounting static content at [/browser] from [browser]
2015-04-14 16:56:04.889+0000 INFO  [o.n.s.CommunityNeoServer]: Server started on: http://localhost:7474/
2015-04-14 16:56:04.889+0000 INFO  [o.n.s.CommunityNeoServer]: Remote interface ready and available at [http://localhost:7474/]
2015-04-14 16:56:04.889+0000 INFO  [o.n.k.i.DiagnosticsManager]: --- SERVER STARTED END ---
2015-04-14 16:56:37.136+0000 INFO  [o.n.s.CommunityBootstrapper]: Neo4j Server shutdown initiated by request
2015-04-14 16:56:37.166+0000 INFO  [o.n.s.CommunityNeoServer]: Successfully shutdown Neo4j Server.
2015-04-14 16:56:37.166+0000 INFO  [o.n.k.EmbeddedGraphDatabase]: Shutdown started
2015-04-14 16:56:37.166+0000 INFO  [o.n.k.EmbeddedGraphDatabase]: Database is now unavailable
2015-04-14 16:56:37.170+0000 INFO  [o.n.k.i.t.x.XaLogicalLog]: Closed log /Users/Vincent/Desktop/weiboAnalysis/SinaMaven/neo4j-friend5.0-db/index/lucene.log
2015-04-14 16:56:37.171+0000 INFO  [o.n.k.i.t.TxManager]: TM shutting down
2015-04-14 16:56:37.175+0000 INFO  [o.n.k.i.t.x.XaLogicalLog]: Closed log /Users/Vincent/Desktop/weiboAnalysis/SinaMaven/neo4j-friend5.0-db/nioneo_logical.log
2015-04-14 16:56:37.176+0000 INFO  [o.n.k.i.n.s.StoreFactory]: /Users/Vincent/Desktop/weiboAnalysis/SinaMaven/neo4j-friend5.0-db/neostore.relationshiptypestore.db.names hit=0 miss=8 switches=0 ooe=0
2015-04-14 16:56:37.177+0000 INFO  [o.n.k.i.n.s.StoreFactory]: /Users/Vincent/Desktop/weiboAnalysis/SinaMaven/neo4j-friend5.0-db/neostore.relationshiptypestore.db hit=0 miss=4 switches=0 ooe=0
2015-04-14 16:56:37.178+0000 INFO  [o.n.k.i.n.s.StoreFactory]: /Users/Vincent/Desktop/weiboAnalysis/SinaMaven/neo4j-friend5.0-db/neostore.labeltokenstore.db.names hit=0 miss=0 switches=0 ooe=0
2015-04-14 16:56:37.179+0000 INFO  [o.n.k.i.n.s.StoreFactory]: /Users/Vincent/Desktop/weiboAnalysis/SinaMaven/neo4j-friend5.0-db/neostore.labeltokenstore.db hit=0 miss=0 switches=0 ooe=0
2015-04-14 16:56:37.180+0000 INFO  [o.n.k.i.n.s.StoreFactory]: /Users/Vincent/Desktop/weiboAnalysis/SinaMaven/neo4j-friend5.0-db/neostore.propertystore.db.strings hit=8 miss=0 switches=0 ooe=0
2015-04-14 16:56:37.180+0000 INFO  [o.n.k.i.n.s.StoreFactory]: /Users/Vincent/Desktop/weiboAnalysis/SinaMaven/neo4j-friend5.0-db/neostore.propertystore.db.index.keys hit=0 miss=8 switches=0 ooe=0
2015-04-14 16:56:37.181+0000 INFO  [o.n.k.i.n.s.StoreFactory]: /Users/Vincent/Desktop/weiboAnalysis/SinaMaven/neo4j-friend5.0-db/neostore.propertystore.db.index hit=0 miss=4 switches=0 ooe=0
2015-04-14 16:56:37.182+0000 INFO  [o.n.k.i.n.s.StoreFactory]: /Users/Vincent/Desktop/weiboAnalysis/SinaMaven/neo4j-friend5.0-db/neostore.propertystore.db.arrays hit=0 miss=0 switches=0 ooe=0
2015-04-14 16:56:37.183+0000 INFO  [o.n.k.i.n.s.StoreFactory]: /Users/Vincent/Desktop/weiboAnalysis/SinaMaven/neo4j-friend5.0-db/neostore.propertystore.db hit=94 miss=0 switches=0 ooe=0
2015-04-14 16:56:37.184+0000 INFO  [o.n.k.i.n.s.StoreFactory]: /Users/Vincent/Desktop/weiboAnalysis/SinaMaven/neo4j-friend5.0-db/neostore.relationshipstore.db hit=111 miss=0 switches=0 ooe=0
2015-04-14 16:56:37.186+0000 INFO  [o.n.k.i.n.s.StoreFactory]: /Users/Vincent/Desktop/weiboAnalysis/SinaMaven/neo4j-friend5.0-db/neostore.nodestore.db.labels hit=0 miss=0 switches=0 ooe=0
2015-04-14 16:56:37.187+0000 INFO  [o.n.k.i.n.s.StoreFactory]: /Users/Vincent/Desktop/weiboAnalysis/SinaMaven/neo4j-friend5.0-db/neostore.nodestore.db hit=152 miss=0 switches=0 ooe=0
2015-04-14 16:56:37.188+0000 INFO  [o.n.k.i.n.s.StoreFactory]: /Users/Vincent/Desktop/weiboAnalysis/SinaMaven/neo4j-friend5.0-db/neostore.schemastore.db hit=0 miss=0 switches=0 ooe=0
2015-04-14 16:56:37.189+0000 INFO  [o.n.k.i.n.s.StoreFactory]: /Users/Vincent/Desktop/weiboAnalysis/SinaMaven/neo4j-friend5.0-db/neostore.relationshipgroupstore.db hit=0 miss=0 switches=0 ooe=0
2015-04-14 16:56:37.190+0000 INFO  [o.n.k.i.n.s.StoreFactory]: /Users/Vincent/Desktop/weiboAnalysis/SinaMaven/neo4j-friend5.0-db/neostore hit=0 miss=20 switches=0 ooe=0
2015-04-14 16:56:37.191+0000 INFO  [o.n.k.i.n.x.NeoStoreXaDataSource]: NeoStore closed
2015-04-14 16:56:37.192+0000 INFO  [o.n.k.i.DiagnosticsManager]: --- STOPPING diagnostics START ---
2015-04-14 16:56:37.192+0000 INFO  [o.n.k.i.DiagnosticsManager]: --- STOPPING diagnostics END ---
2015-04-14 16:56:37.193+0000 INFO  [o.n.s.d.LifecycleManagingDatabase]: Successfully stopped database
2015-04-14 16:56:37.193+0000 INFO  [o.n.s.CommunityNeoServer]: Successfully shutdown database.
